#
# There is insufficient memory for the Java Runtime Environment to continue.
# Native memory allocation (malloc) failed to allocate 776496 bytes for Chunk::new
# Possible reasons:
#   The system is out of physical RAM or swap space
#   The process is running with CompressedOops enabled, and the Java Heap may be blocking the growth of the native heap
# Possible solutions:
#   Reduce memory load on the system
#   Increase physical memory or swap space
#   Check if swap backing store is full
#   Decrease Java heap size (-Xmx/-Xms)
#   Decrease number of Java threads
#   Decrease Java thread stack sizes (-Xss)
#   Set larger code cache with -XX:ReservedCodeCacheSize=
#   JVM is running with Zero Based Compressed Oops mode in which the Java heap is
#     placed in the first 32GB address space. The Java Heap base address is the
#     maximum limit for the native heap growth. Please use -XX:HeapBaseMinAddress
#     to set the Java Heap base and to place the Java Heap above 32GB virtual address.
# This output file may be truncated or incomplete.
#
#  Out of Memory Error (allocation.cpp:389), pid=2840, tid=0x00000000000027c0
#
# JRE version: Java(TM) SE Runtime Environment (8.0_231-b11) (build 1.8.0_231-b11)
# Java VM: Java HotSpot(TM) 64-Bit Server VM (25.231-b11 mixed mode windows-amd64 compressed oops)
# Failed to write core dump. Minidumps are not enabled by default on client versions of Windows
#

---------------  T H R E A D  ---------------

Current thread (0x00000000193d3000):  JavaThread "C2 CompilerThread0" daemon [_thread_in_native, id=10176, stack(0x000000001aa20000,0x000000001ab20000)]

Stack: [0x000000001aa20000,0x000000001ab20000]
[error occurred during error reporting (printing stack bounds), id 0xc0000005]

Native frames: (J=compiled Java code, j=interpreted, Vv=VM code, C=native code)


Current CompileTask:
C2:3543060 5747   !   4       org.springframework.beans.factory.support.AbstractBeanFactory::doGetBean (833 bytes)


---------------  P R O C E S S  ---------------

Java Threads: ( => current thread )
  0x000000001b94f800 JavaThread "restartedMain" [_thread_in_native, id=5660, stack(0x00000000215e0000,0x00000000216e0000)]
  0x000000001b951000 JavaThread "Thread-28" [_thread_blocked, id=120, stack(0x000000001ce30000,0x000000001cf30000)]
  0x000000001f491800 JavaThread "File Watcher" daemon [_thread_blocked, id=13108, stack(0x00000000214e0000,0x00000000215e0000)]
  0x000000001f490800 JavaThread "DestroyJavaVM" [_thread_blocked, id=8664, stack(0x0000000002180000,0x0000000002280000)]
  0x000000001b952800 JavaThread "Live Reload Server" daemon [_thread_in_native, id=2736, stack(0x0000000022d40000,0x0000000022e40000)]
  0x000000001ad5b800 JavaThread "Service Thread" daemon [_thread_blocked, id=9756, stack(0x000000001b120000,0x000000001b220000)]
  0x000000001942c800 JavaThread "C1 CompilerThread2" daemon [_thread_blocked, id=5024, stack(0x000000001ac20000,0x000000001ad20000)]
  0x0000000019429800 JavaThread "C2 CompilerThread1" daemon [_thread_blocked, id=2156, stack(0x000000001ab20000,0x000000001ac20000)]
=>0x00000000193d3000 JavaThread "C2 CompilerThread0" daemon [_thread_in_native, id=10176, stack(0x000000001aa20000,0x000000001ab20000)]
  0x00000000193d1000 JavaThread "Attach Listener" daemon [_thread_blocked, id=940, stack(0x000000001a920000,0x000000001aa20000)]
  0x00000000193d0000 JavaThread "Signal Dispatcher" daemon [_thread_blocked, id=5656, stack(0x000000001a820000,0x000000001a920000)]
  0x00000000193ba800 JavaThread "Finalizer" daemon [_thread_blocked, id=4400, stack(0x000000001a620000,0x000000001a720000)]
  0x0000000002373000 JavaThread "Reference Handler" daemon [_thread_blocked, id=4380, stack(0x000000001a520000,0x000000001a620000)]

Other Threads:
  0x0000000019397800 VMThread [stack: 0x000000001a420000,0x000000001a520000] [id=1196]
  0x000000001ad84800 WatcherThread [stack: 0x000000001b220000,0x000000001b320000] [id=5984]

VM state:not at safepoint (normal execution)

VM Mutex/Monitor currently owned by a thread: None

heap address: 0x0000000702000000, size: 3040 MB, Compressed Oops mode: Zero based, Oop shift amount: 3
Narrow klass base: 0x0000000000000000, Narrow klass shift: 3
Compressed class space size: 1073741824 Address: 0x00000007c0000000

Heap:
 PSYoungGen      total 172544K, used 11467K [0x0000000780b00000, 0x000000078c180000, 0x00000007c0000000)
  eden space 158208K, 7% used [0x0000000780b00000,0x0000000781632d80,0x000000078a580000)
  from space 14336K, 0% used [0x000000078b380000,0x000000078b380000,0x000000078c180000)
  to   space 14336K, 0% used [0x000000078a580000,0x000000078a580000,0x000000078b380000)
 ParOldGen       total 130048K, used 18490K [0x0000000702000000, 0x0000000709f00000, 0x0000000780b00000)
  object space 130048K, 14% used [0x0000000702000000,0x000000070320eae0,0x0000000709f00000)
 Metaspace       used 35469K, capacity 38000K, committed 38016K, reserved 1083392K
  class space    used 4557K, capacity 4987K, committed 4992K, reserved 1048576K

Card table byte_map: [0x0000000011740000,0x0000000011d40000] byte_map_base: 0x000000000df30000

Marking Bits: (ParMarkBitMap*) 0x0000000055966d90
 Begin Bits: [0x0000000012540000, 0x00000000154c0000)
 End Bits:   [0x00000000154c0000, 0x0000000018440000)

Polling page: 0x00000000005c0000

CodeCache: size=245760Kb used=18507Kb max_used=18519Kb free=227252Kb
 bounds [0x0000000002380000, 0x00000000035c0000, 0x0000000011380000]
 total_blobs=5190 nmethods=4760 adapters=342
 compilation: enabled

Compilation events (10 events):
Event: 3542.775 Thread 0x000000001942c800 nmethod 5750 0x000000000259d7d0 code [0x000000000259d9c0, 0x000000000259e3b8]
Event: 3542.775 Thread 0x000000001942c800 5753       3       org.springframework.boot.devtools.restart.ClassLoaderFilesResourcePatternResolver::getClassLoader (10 bytes)
Event: 3542.776 Thread 0x000000001942c800 nmethod 5753 0x0000000002882250 code [0x00000000028823c0, 0x00000000028825e8]
Event: 3542.780 Thread 0x000000001942c800 5755       3       org.springframework.util.ConcurrentReferenceHashMap$EntryIterator::moveToNextSegment (55 bytes)
Event: 3542.780 Thread 0x000000001942c800 nmethod 5755 0x0000000002850f10 code [0x0000000002851080, 0x00000000028512f0]
Event: 3542.784 Thread 0x0000000019429800 nmethod 5751 0x000000000355e350 code [0x000000000355e500, 0x000000000355e9a0]
Event: 3542.785 Thread 0x0000000019429800 5754       4       org.apache.commons.logging.LogFactory::getLog (8 bytes)
Event: 3542.793 Thread 0x0000000019429800 nmethod 5754 0x00000000027c2310 code [0x00000000027c24c0, 0x00000000027c2848]
Event: 3542.794 Thread 0x0000000019429800 5752       4       org.springframework.beans.factory.support.AbstractBeanFactory::getObjectForBeanInstance (161 bytes)
Event: 3542.801 Thread 0x0000000019429800 nmethod 5752 0x000000000275de50 code [0x000000000275dfe0, 0x000000000275e320]

GC Heap History (10 events):
Event: 3414.127 GC heap before
{Heap before GC invocations=14 (full 4):
 PSYoungGen      total 115200K, used 90156K [0x0000000780b00000, 0x0000000789280000, 0x00000007c0000000)
  eden space 109056K, 82% used [0x0000000780b00000,0x000000078630b370,0x0000000787580000)
  from space 6144K, 0% used [0x0000000787580000,0x0000000787580000,0x0000000787b80000)
  to   space 14848K, 0% used [0x0000000788400000,0x0000000788400000,0x0000000789280000)
 ParOldGen       total 130048K, used 15287K [0x0000000702000000, 0x0000000709f00000, 0x0000000780b00000)
  object space 130048K, 11% used [0x0000000702000000,0x0000000702eeddc0,0x0000000709f00000)
 Metaspace       used 35166K, capacity 37516K, committed 37760K, reserved 1081344K
  class space    used 4535K, capacity 4927K, committed 4992K, reserved 1048576K
Event: 3414.132 GC heap after
Heap after GC invocations=14 (full 4):
 PSYoungGen      total 123904K, used 3735K [0x0000000780b00000, 0x0000000789280000, 0x00000007c0000000)
  eden space 109056K, 0% used [0x0000000780b00000,0x0000000780b00000,0x0000000787580000)
  from space 14848K, 25% used [0x0000000788400000,0x00000007887a5fe0,0x0000000789280000)
  to   space 14848K, 0% used [0x0000000787580000,0x0000000787580000,0x0000000788400000)
 ParOldGen       total 130048K, used 15295K [0x0000000702000000, 0x0000000709f00000, 0x0000000780b00000)
  object space 130048K, 11% used [0x0000000702000000,0x0000000702eefdc0,0x0000000709f00000)
 Metaspace       used 35166K, capacity 37516K, committed 37760K, reserved 1081344K
  class space    used 4535K, capacity 4927K, committed 4992K, reserved 1048576K
}
Event: 3414.132 GC heap before
{Heap before GC invocations=15 (full 5):
 PSYoungGen      total 123904K, used 3735K [0x0000000780b00000, 0x0000000789280000, 0x00000007c0000000)
  eden space 109056K, 0% used [0x0000000780b00000,0x0000000780b00000,0x0000000787580000)
  from space 14848K, 25% used [0x0000000788400000,0x00000007887a5fe0,0x0000000789280000)
  to   space 14848K, 0% used [0x0000000787580000,0x0000000787580000,0x0000000788400000)
 ParOldGen       total 130048K, used 15295K [0x0000000702000000, 0x0000000709f00000, 0x0000000780b00000)
  object space 130048K, 11% used [0x0000000702000000,0x0000000702eefdc0,0x0000000709f00000)
 Metaspace       used 35166K, capacity 37516K, committed 37760K, reserved 1081344K
  class space    used 4535K, capacity 4927K, committed 4992K, reserved 1048576K
Event: 3414.274 GC heap after
Heap after GC invocations=15 (full 5):
 PSYoungGen      total 123904K, used 0K [0x0000000780b00000, 0x0000000789280000, 0x00000007c0000000)
  eden space 109056K, 0% used [0x0000000780b00000,0x0000000780b00000,0x0000000787580000)
  from space 14848K, 0% used [0x0000000788400000,0x0000000788400000,0x0000000789280000)
  to   space 14848K, 0% used [0x0000000787580000,0x0000000787580000,0x0000000788400000)
 ParOldGen       total 130048K, used 17180K [0x0000000702000000, 0x0000000709f00000, 0x0000000780b00000)
  object space 130048K, 13% used [0x0000000702000000,0x00000007030c7010,0x0000000709f00000)
 Metaspace       used 35166K, capacity 37516K, committed 37760K, reserved 1081344K
  class space    used 4535K, capacity 4927K, committed 4992K, reserved 1048576K
}
Event: 3435.521 GC heap before
{Heap before GC invocations=16 (full 5):
 PSYoungGen      total 123904K, used 109056K [0x0000000780b00000, 0x0000000789280000, 0x00000007c0000000)
  eden space 109056K, 100% used [0x0000000780b00000,0x0000000787580000,0x0000000787580000)
  from space 14848K, 0% used [0x0000000788400000,0x0000000788400000,0x0000000789280000)
  to   space 14848K, 0% used [0x0000000787580000,0x0000000787580000,0x0000000788400000)
 ParOldGen       total 130048K, used 17180K [0x0000000702000000, 0x0000000709f00000, 0x0000000780b00000)
  object space 130048K, 13% used [0x0000000702000000,0x00000007030c7010,0x0000000709f00000)
 Metaspace       used 35346K, capacity 37792K, committed 38016K, reserved 1083392K
  class space    used 4552K, capacity 4977K, committed 4992K, reserved 1048576K
Event: 3435.529 GC heap after
Heap after GC invocations=16 (full 5):
 PSYoungGen      total 123904K, used 5091K [0x0000000780b00000, 0x000000078c180000, 0x00000007c0000000)
  eden space 109056K, 0% used [0x0000000780b00000,0x0000000780b00000,0x0000000787580000)
  from space 14848K, 34% used [0x0000000787580000,0x0000000787a78e80,0x0000000788400000)
  to   space 14336K, 0% used [0x000000078b380000,0x000000078b380000,0x000000078c180000)
 ParOldGen       total 130048K, used 17188K [0x0000000702000000, 0x0000000709f00000, 0x0000000780b00000)
  object space 130048K, 13% used [0x0000000702000000,0x00000007030c9010,0x0000000709f00000)
 Metaspace       used 35346K, capacity 37792K, committed 38016K, reserved 1083392K
  class space    used 4552K, capacity 4977K, committed 4992K, reserved 1048576K
}
Event: 3541.788 GC heap before
{Heap before GC invocations=17 (full 5):
 PSYoungGen      total 123904K, used 50961K [0x0000000780b00000, 0x000000078c180000, 0x00000007c0000000)
  eden space 109056K, 42% used [0x0000000780b00000,0x00000007837cb670,0x0000000787580000)
  from space 14848K, 34% used [0x0000000787580000,0x0000000787a78e80,0x0000000788400000)
  to   space 14336K, 0% used [0x000000078b380000,0x000000078b380000,0x000000078c180000)
 ParOldGen       total 130048K, used 17188K [0x0000000702000000, 0x0000000709f00000, 0x0000000780b00000)
  object space 130048K, 13% used [0x0000000702000000,0x00000007030c9010,0x0000000709f00000)
 Metaspace       used 35452K, capacity 37994K, committed 38016K, reserved 1083392K
  class space    used 4557K, capacity 4985K, committed 4992K, reserved 1048576K
Event: 3541.793 GC heap after
Heap after GC invocations=17 (full 5):
 PSYoungGen      total 172544K, used 3038K [0x0000000780b00000, 0x000000078c180000, 0x00000007c0000000)
  eden space 158208K, 0% used [0x0000000780b00000,0x0000000780b00000,0x000000078a580000)
  from space 14336K, 21% used [0x000000078b380000,0x000000078b677a38,0x000000078c180000)
  to   space 14336K, 0% used [0x000000078a580000,0x000000078a580000,0x000000078b380000)
 ParOldGen       total 130048K, used 17196K [0x0000000702000000, 0x0000000709f00000, 0x0000000780b00000)
  object space 130048K, 13% used [0x0000000702000000,0x00000007030cb010,0x0000000709f00000)
 Metaspace       used 35452K, capacity 37994K, committed 38016K, reserved 1083392K
  class space    used 4557K, capacity 4985K, committed 4992K, reserved 1048576K
}
Event: 3541.793 GC heap before
{Heap before GC invocations=18 (full 6):
 PSYoungGen      total 172544K, used 3038K [0x0000000780b00000, 0x000000078c180000, 0x00000007c0000000)
  eden space 158208K, 0% used [0x0000000780b00000,0x0000000780b00000,0x000000078a580000)
  from space 14336K, 21% used [0x000000078b380000,0x000000078b677a38,0x000000078c180000)
  to   space 14336K, 0% used [0x000000078a580000,0x000000078a580000,0x000000078b380000)
 ParOldGen       total 130048K, used 17196K [0x0000000702000000, 0x0000000709f00000, 0x0000000780b00000)
  object space 130048K, 13% used [0x0000000702000000,0x00000007030cb010,0x0000000709f00000)
 Metaspace       used 35452K, capacity 37994K, committed 38016K, reserved 1083392K
  class space    used 4557K, capacity 4985K, committed 4992K, reserved 1048576K
Event: 3541.949 GC heap after
Heap after GC invocations=18 (full 6):
 PSYoungGen      total 172544K, used 0K [0x0000000780b00000, 0x000000078c180000, 0x00000007c0000000)
  eden space 158208K, 0% used [0x0000000780b00000,0x0000000780b00000,0x000000078a580000)
  from space 14336K, 0% used [0x000000078b380000,0x000000078b380000,0x000000078c180000)
  to   space 14336K, 0% used [0x000000078a580000,0x000000078a580000,0x000000078b380000)
 ParOldGen       total 130048K, used 18490K [0x0000000702000000, 0x0000000709f00000, 0x0000000780b00000)
  object space 130048K, 14% used [0x0000000702000000,0x000000070320eae0,0x0000000709f00000)
 Metaspace       used 35452K, capacity 37994K, committed 38016K, reserved 1083392K
  class space    used 4557K, capacity 4985K, committed 4992K, reserved 1048576K
}

Deoptimization events (10 events):
Event: 3283.489 Thread 0x000000001f492000 Uncommon trap: reason=bimorphic action=maybe_recompile pc=0x0000000002c45fcc method=java.util.Collections$UnmodifiableMap.containsKey(Ljava/lang/Object;)Z @ 5
Event: 3285.641 Thread 0x000000001f492000 Uncommon trap: reason=unstable_if action=reinterpret pc=0x00000000029b0ae0 method=org.springframework.boot.autoconfigure.AutoConfigurationSorter$AutoConfigurationClass.getBefore()Ljava/util/Set; @ 4
Event: 3286.778 Thread 0x000000001f492000 Uncommon trap: reason=null_check action=make_not_entrant pc=0x00000000030d3fbc method=java.lang.Class.isAnnotation()Z @ 1
Event: 3288.197 Thread 0x000000001f492000 Uncommon trap: reason=unstable_if action=reinterpret pc=0x0000000002bac174 method=java.util.IdentityHashMap.nextKeyIndex(II)I @ 4
Event: 3289.588 Thread 0x000000001f492000 Uncommon trap: reason=unstable_if action=reinterpret pc=0x0000000002ea41a0 method=java.util.concurrent.locks.AbstractQueuedSynchronizer$ConditionObject.doSignal(Ljava/util/concurrent/locks/AbstractQueuedSynchronizer$Node;)V @ 9
Event: 3313.486 Thread 0x000000001f499800 Uncommon trap: reason=unstable_if action=reinterpret pc=0x000000000262e448 method=java.util.concurrent.locks.AbstractQueuedSynchronizer.acquire(I)V @ 20
Event: 3313.486 Thread 0x000000001f496800 Uncommon trap: reason=unstable_if action=reinterpret pc=0x000000000262e448 method=java.util.concurrent.locks.AbstractQueuedSynchronizer.acquire(I)V @ 20
Event: 3318.325 Thread 0x000000001f493000 Uncommon trap: reason=range_check action=make_not_entrant pc=0x0000000002a44b24 method=java.lang.String.charAt(I)C @ 27
Event: 3319.386 Thread 0x000000001f493000 Uncommon trap: reason=unstable_if action=reinterpret pc=0x00000000033cf6ac method=org.springframework.boot.autoconfigure.condition.ConditionEvaluationReport.lambda$addNoMatchOutcomeToAncestors$1(Ljava/lang/String;Ljava/lang/String;Ljava/lang/String;Lorg/s
Event: 3418.113 Thread 0x000000001f48f000 Uncommon trap: reason=unstable_if action=reinterpret pc=0x0000000002d969d8 method=java.lang.ref.SoftReference.get()Ljava/lang/Object; @ 6

Classes redefined (0 events):
No events

Internal exceptions (10 events):
Event: 3432.479 Thread 0x000000001f48f000 Exception <a 'java/lang/NoClassDefFoundError': org/springframework/jdbc/CannotGetJdbcConnectionException> (0x0000000784bb49f0) thrown at [C:\re\workspace\8-2-build-windows-amd64-cygwin\jdk8u231\13620\hotspot\src\share\vm\classfile\systemDictionary.cpp, li
Event: 3433.127 Thread 0x000000001f48f000 Exception <a 'java/lang/NoClassDefFoundError': javax/validation/ValidationException> (0x00000007852764f8) thrown at [C:\re\workspace\8-2-build-windows-amd64-cygwin\jdk8u231\13620\hotspot\src\share\vm\classfile\systemDictionary.cpp, line 199]
Event: 3433.128 Thread 0x000000001f48f000 Exception <a 'java/lang/NoClassDefFoundError': org/springframework/jdbc/CannotGetJdbcConnectionException> (0x000000078527d048) thrown at [C:\re\workspace\8-2-build-windows-amd64-cygwin\jdk8u231\13620\hotspot\src\share\vm\classfile\systemDictionary.cpp, li
Event: 3435.146 Thread 0x000000001f48f000 Exception <a 'java/net/ConnectException': Connection refused: connect> (0x00000007852d6948) thrown at [C:\re\workspace\8-2-build-windows-amd64-cygwin\jdk8u231\13620\hotspot\src\share\vm\prims\jni.cpp, line 736]
Event: 3436.014 Thread 0x000000001f48f000 Exception <a 'java/io/FileNotFoundException'> (0x00000007821b8c58) thrown at [C:\re\workspace\8-2-build-windows-amd64-cygwin\jdk8u231\13620\hotspot\src\share\vm\prims\jni.cpp, line 710]
Event: 3436.228 Thread 0x000000001f48f000 Exception <a 'java/io/FileNotFoundException'> (0x000000078241a238) thrown at [C:\re\workspace\8-2-build-windows-amd64-cygwin\jdk8u231\13620\hotspot\src\share\vm\prims\jni.cpp, line 710]
Event: 3541.787 Thread 0x000000001f493800 Exception <a 'java/lang/InterruptedException': sleep interrupted> (0x000000078375e5c8) thrown at [C:\re\workspace\8-2-build-windows-amd64-cygwin\jdk8u231\13620\hotspot\src\share\vm\prims\jvm.cpp, line 3336]
Event: 3541.962 Thread 0x000000001b94f800 Exception <a 'java/io/FileNotFoundException'> (0x0000000780dd7b10) thrown at [C:\re\workspace\8-2-build-windows-amd64-cygwin\jdk8u231\13620\hotspot\src\share\vm\prims\jni.cpp, line 710]
Event: 3542.698 Thread 0x000000001b94f800 Exception <a 'java/lang/NoClassDefFoundError': javax/validation/ValidationException> (0x00000007811fd3c8) thrown at [C:\re\workspace\8-2-build-windows-amd64-cygwin\jdk8u231\13620\hotspot\src\share\vm\classfile\systemDictionary.cpp, line 199]
Event: 3542.699 Thread 0x000000001b94f800 Exception <a 'java/lang/NoClassDefFoundError': org/springframework/jdbc/CannotGetJdbcConnectionException> (0x000000078120daf0) thrown at [C:\re\workspace\8-2-build-windows-amd64-cygwin\jdk8u231\13620\hotspot\src\share\vm\classfile\systemDictionary.cpp, li

Events (10 events):
Event: 3542.769 Executing VM operation: BulkRevokeBias done
Event: 3542.773 Thread 0x000000001942c800 flushing nmethod 0x000000000275dc90
Event: 3542.773 Thread 0x000000001942c800 flushing nmethod 0x000000000278c890
Event: 3542.773 Thread 0x000000001942c800 flushing nmethod 0x0000000002798190
Event: 3542.774 Thread 0x000000001942c800 flushing nmethod 0x00000000027c21d0
Event: 3542.774 Thread 0x000000001942c800 flushing nmethod 0x00000000027c3f10
Event: 3542.774 Thread 0x000000001942c800 flushing nmethod 0x0000000002850f10
Event: 3542.775 Thread 0x000000001942c800 flushing nmethod 0x0000000002882250
Event: 3542.776 Thread 0x000000001942c800 flushing nmethod 0x00000000029694d0
Event: 3542.794 Thread 0x0000000019429800 flushing nmethod 0x0000000002c2ed10


Dynamic libraries:
0x00007ff68d1d0000 - 0x00007ff68d207000 	C:\Program Files\Java\jre1.8.0_231\bin\javaw.exe
0x00007ff9fe8a0000 - 0x00007ff9fea90000 	C:\WINDOWS\SYSTEM32\ntdll.dll
0x00007ff9d4660000 - 0x00007ff9d4675000 	C:\Program Files\AVG\Antivirus\aswhook.dll
0x00007ff9fe340000 - 0x00007ff9fe3f2000 	C:\WINDOWS\System32\KERNEL32.DLL
0x00007ff9fbf20000 - 0x00007ff9fc1c3000 	C:\WINDOWS\System32\KERNELBASE.dll
0x00007ff9fce40000 - 0x00007ff9fcee3000 	C:\WINDOWS\System32\ADVAPI32.dll
0x00007ff9fe410000 - 0x00007ff9fe4ae000 	C:\WINDOWS\System32\msvcrt.dll
0x00007ff9fcf70000 - 0x00007ff9fd007000 	C:\WINDOWS\System32\sechost.dll
0x00007ff9fdeb0000 - 0x00007ff9fdfd0000 	C:\WINDOWS\System32\RPCRT4.dll
0x00007ff9fe5e0000 - 0x00007ff9fe774000 	C:\WINDOWS\System32\USER32.dll
0x00007ff9fc950000 - 0x00007ff9fc971000 	C:\WINDOWS\System32\win32u.dll
0x00007ff9fdfd0000 - 0x00007ff9fdff6000 	C:\WINDOWS\System32\GDI32.dll
0x00007ff9fbcd0000 - 0x00007ff9fbe64000 	C:\WINDOWS\System32\gdi32full.dll
0x00007ff9fbab0000 - 0x00007ff9fbb4e000 	C:\WINDOWS\System32\msvcp_win.dll
0x00007ff9fbb50000 - 0x00007ff9fbc4a000 	C:\WINDOWS\System32\ucrtbase.dll
0x00007ff9e7b00000 - 0x00007ff9e7d85000 	C:\WINDOWS\WinSxS\amd64_microsoft.windows.common-controls_6595b64144ccf1df_6.0.18362.720_none_e6beb5c51314836b\COMCTL32.dll
0x00007ff9fe000000 - 0x00007ff9fe336000 	C:\WINDOWS\System32\combase.dll
0x00007ff9fbc50000 - 0x00007ff9fbcd0000 	C:\WINDOWS\System32\bcryptPrimitives.dll
0x00007ff9fd010000 - 0x00007ff9fd03e000 	C:\WINDOWS\System32\IMM32.DLL
0x0000000054f80000 - 0x0000000055052000 	C:\Program Files\Java\jre1.8.0_231\bin\msvcr100.dll
0x0000000055140000 - 0x00000000559e6000 	C:\Program Files\Java\jre1.8.0_231\bin\server\jvm.dll
0x00007ff9fd040000 - 0x00007ff9fd048000 	C:\WINDOWS\System32\PSAPI.DLL
0x00007ff9ec3c0000 - 0x00007ff9ec3c9000 	C:\WINDOWS\SYSTEM32\WSOCK32.dll
0x00007ff9fd0b0000 - 0x00007ff9fd11f000 	C:\WINDOWS\System32\WS2_32.dll
0x00007ff9f9790000 - 0x00007ff9f97b4000 	C:\WINDOWS\SYSTEM32\WINMM.dll
0x00007ff9f4ac0000 - 0x00007ff9f4aca000 	C:\WINDOWS\SYSTEM32\VERSION.dll
0x00007ff9f9760000 - 0x00007ff9f978d000 	C:\WINDOWS\SYSTEM32\WINMMBASE.dll
0x00007ff9fc980000 - 0x00007ff9fc9ca000 	C:\WINDOWS\System32\cfgmgr32.dll
0x00007ff9f97d0000 - 0x00007ff9f97df000 	C:\Program Files\Java\jre1.8.0_231\bin\verify.dll
0x00007ff9ed920000 - 0x00007ff9ed949000 	C:\Program Files\Java\jre1.8.0_231\bin\java.dll
0x00007ff9eeae0000 - 0x00007ff9eeaf6000 	C:\Program Files\Java\jre1.8.0_231\bin\zip.dll
0x00007ff9fd120000 - 0x00007ff9fd805000 	C:\WINDOWS\System32\SHELL32.dll
0x00007ff9fd9e0000 - 0x00007ff9fda89000 	C:\WINDOWS\System32\shcore.dll
0x00007ff9fc1d0000 - 0x00007ff9fc950000 	C:\WINDOWS\System32\windows.storage.dll
0x00007ff9fb880000 - 0x00007ff9fb8a3000 	C:\WINDOWS\System32\profapi.dll
0x00007ff9fb810000 - 0x00007ff9fb85a000 	C:\WINDOWS\System32\powrprof.dll
0x00007ff9fb7e0000 - 0x00007ff9fb7f0000 	C:\WINDOWS\System32\UMPDC.dll
0x00007ff9fd050000 - 0x00007ff9fd0a2000 	C:\WINDOWS\System32\shlwapi.dll
0x00007ff9fb860000 - 0x00007ff9fb871000 	C:\WINDOWS\System32\kernel.appcore.dll
0x00007ff9fbf00000 - 0x00007ff9fbf17000 	C:\WINDOWS\System32\cryptsp.dll
0x00007ff9ed900000 - 0x00007ff9ed91a000 	C:\Program Files\Java\jre1.8.0_231\bin\net.dll
0x00007ff9fb050000 - 0x00007ff9fb0b7000 	C:\WINDOWS\system32\mswsock.dll
0x00007ff9fad00000 - 0x00007ff9fad3a000 	C:\WINDOWS\SYSTEM32\IPHLPAPI.DLL
0x00007ff9fe780000 - 0x00007ff9fe788000 	C:\WINDOWS\System32\NSI.dll
0x00007ff9f2a20000 - 0x00007ff9f2a36000 	C:\WINDOWS\SYSTEM32\dhcpcsvc6.DLL
0x00007ff9f2af0000 - 0x00007ff9f2b0c000 	C:\WINDOWS\SYSTEM32\dhcpcsvc.DLL
0x00007ff9fad40000 - 0x00007ff9fae0a000 	C:\WINDOWS\SYSTEM32\DNSAPI.dll
0x00007ff9ee3f0000 - 0x00007ff9ee3fa000 	C:\Windows\System32\rasadhlp.dll
0x00007ff9f2940000 - 0x00007ff9f29b7000 	C:\WINDOWS\System32\fwpuclnt.dll
0x00007ff9fbe70000 - 0x00007ff9fbe96000 	C:\WINDOWS\System32\bcrypt.dll
0x00007ff9ef180000 - 0x00007ff9ef18d000 	C:\Program Files\Java\jre1.8.0_231\bin\management.dll
0x00007ff9c37b0000 - 0x00007ff9c37c6000 	C:\WINDOWS\system32\napinsp.dll
0x00007ff9c3790000 - 0x00007ff9c37aa000 	C:\WINDOWS\system32\pnrpnsp.dll
0x00007ff9dd6e0000 - 0x00007ff9dd6ee000 	C:\WINDOWS\System32\winrnr.dll
0x00007ff9f8020000 - 0x00007ff9f803c000 	C:\WINDOWS\system32\NLAapi.dll
0x00007ff9f4aa0000 - 0x00007ff9f4ab5000 	C:\WINDOWS\system32\wshbth.dll
0x00007ff9ed860000 - 0x00007ff9ed872000 	C:\Program Files\Java\jre1.8.0_231\bin\nio.dll
0x00007ff9fab60000 - 0x00007ff9fab93000 	C:\WINDOWS\system32\rsaenh.dll
0x00007ff9fb700000 - 0x00007ff9fb725000 	C:\WINDOWS\SYSTEM32\USERENV.dll
0x00007ff9fb220000 - 0x00007ff9fb22c000 	C:\WINDOWS\SYSTEM32\CRYPTBASE.dll

VM Arguments:
jvm_args: -Dfile.encoding=UTF-8 
java_command: com.example.microservices.limitservice.LimitServiceApplication
java_class_path (initial): E:\Microservices\limit-service\target\classes;C:\Users\USER\.m2\repository\org\springframework\boot\spring-boot-starter-actuator\2.3.0.M3\spring-boot-starter-actuator-2.3.0.M3.jar;C:\Users\USER\.m2\repository\org\springframework\boot\spring-boot-starter\2.3.0.M3\spring-boot-starter-2.3.0.M3.jar;C:\Users\USER\.m2\repository\org\springframework\boot\spring-boot-starter-logging\2.3.0.M3\spring-boot-starter-logging-2.3.0.M3.jar;C:\Users\USER\.m2\repository\ch\qos\logback\logback-classic\1.2.3\logback-classic-1.2.3.jar;C:\Users\USER\.m2\repository\ch\qos\logback\logback-core\1.2.3\logback-core-1.2.3.jar;C:\Users\USER\.m2\repository\org\apache\logging\log4j\log4j-to-slf4j\2.13.1\log4j-to-slf4j-2.13.1.jar;C:\Users\USER\.m2\repository\org\apache\logging\log4j\log4j-api\2.13.1\log4j-api-2.13.1.jar;C:\Users\USER\.m2\repository\org\slf4j\jul-to-slf4j\1.7.30\jul-to-slf4j-1.7.30.jar;C:\Users\USER\.m2\repository\jakarta\annotation\jakarta.annotation-api\1.3.5\jakarta.annotation-api-1.3.5.jar;C:\Users\USER\.m2\repository\org\yaml\snakeyaml\1.26\snakeyaml-1.26.jar;C:\Users\USER\.m2\repository\org\springframework\boot\spring-boot-actuator-autoconfigure\2.3.0.M3\spring-boot-actuator-autoconfigure-2.3.0.M3.jar;C:\Users\USER\.m2\repository\org\springframework\boot\spring-boot-actuator\2.3.0.M3\spring-boot-actuator-2.3.0.M3.jar;C:\Users\USER\.m2\repository\com\fasterxml\jackson\datatype\jackson-datatype-jsr310\2.10.3\jackson-datatype-jsr310-2.10.3.jar;C:\Users\USER\.m2\repository\org\springframework\spring-context\5.2.4.RELEASE\spring-context-5.2.4.RELEASE.jar;C:\Users\USER\.m2\repository\io\micrometer\micrometer-core\1.3.5\micrometer-core-1.3.5.jar;C:\Users\USER\.m2\repository\org\hdrhistogram\HdrHistogram\2.1.11\HdrHistogram-2.1.11.jar;C:\Users\USER\.m2\repository\org\latencyutils\LatencyUtils\2.0.3\LatencyUtils-2.0.3.jar;C:\Users\USER\.m2\repository\org\springframework\boot\spring-boot-starter-web\2.3.0.M3\spring-boot-starter-web-2.3.0.M3.jar;C:\Users\USE
Launcher Type: SUN_STANDARD

Environment Variables:
JAVA_HOME=C:\Program Files\Java\jdk1.8.0_231
PATH=C:/Program Files/Java/jre1.8.0_231/bin/server;C:/Program Files/Java/jre1.8.0_231/bin;C:/Program Files/Java/jre1.8.0_231/lib/amd64;C:\Program Files (x86)\Common Files\Oracle\Java\javapath;C:\WINDOWS\system32;C:\WINDOWS;C:\WINDOWS\System32\Wbem;C:\WINDOWS\System32\WindowsPowerShell\v1.0\;C:\Program Files (x86)\ATI Technologies\ATI.ACE\Core-Static;C:\Program Files\Java\jdk1.8.0_231\bin;C:\Program Files\nodejs\;C:\WINDOWS\System32\OpenSSH\;E:\apache-tomcat-8.5.49\bin;E:\mvn\apache-maven-3.6.3\bin;C:\Users\USER\AppData\Local\Microsoft\WindowsApps;C:\Users\USER\AppData\Roaming\npm;C:\Users\USER\AppData\Local\Programs\Microsoft VS Code\bin;E:\gradle-6.2.2\bin;;E:\Udemey\eclipse;
USERNAME=USER
OS=Windows_NT
PROCESSOR_IDENTIFIER=Intel64 Family 6 Model 58 Stepping 9, GenuineIntel



---------------  S Y S T E M  ---------------

OS: Windows 10.0 , 64 bit Build 18362 (10.0.18362.329)

CPU:total 4 (initial active 4) (2 cores per cpu, 2 threads per core) family 6 model 58 stepping 9, cmov, cx8, fxsr, mmx, sse, sse2, sse3, ssse3, sse4.1, sse4.2, popcnt, avx, aes, clmul, erms, ht, tsc, tscinvbit, tscinv

Memory: 4k page, physical 12449048k(432696k free), swap 42941620k(4016k free)

vm_info: Java HotSpot(TM) 64-Bit Server VM (25.231-b11) for windows-amd64 JRE (1.8.0_231-b11), built on Oct  5 2019 03:11:30 by "java_re" with MS VC++ 10.0 (VS2010)

time: Fri Apr 03 14:22:29 2020
timezone: Malay Peninsula Standard Time
elapsed time: 3543 seconds (0d 0h 59m 3s)

