#
# There is insufficient memory for the Java Runtime Environment to continue.
# Native memory allocation (malloc) failed to allocate 32744 bytes for ChunkPool::allocate
# Possible reasons:
#   The system is out of physical RAM or swap space
#   The process is running with CompressedOops enabled, and the Java Heap may be blocking the growth of the native heap
# Possible solutions:
#   Reduce memory load on the system
#   Increase physical memory or swap space
#   Check if swap backing store is full
#   Decrease Java heap size (-Xmx/-Xms)
#   Decrease number of Java threads
#   Decrease Java thread stack sizes (-Xss)
#   Set larger code cache with -XX:ReservedCodeCacheSize=
#   JVM is running with Zero Based Compressed Oops mode in which the Java heap is
#     placed in the first 32GB address space. The Java Heap base address is the
#     maximum limit for the native heap growth. Please use -XX:HeapBaseMinAddress
#     to set the Java Heap base and to place the Java Heap above 32GB virtual address.
# This output file may be truncated or incomplete.
#
#  Out of Memory Error (allocation.cpp:272), pid=8184, tid=0x0000000000001874
#
# JRE version: Java(TM) SE Runtime Environment (8.0_231-b11) (build 1.8.0_231-b11)
# Java VM: Java HotSpot(TM) 64-Bit Server VM (25.231-b11 mixed mode windows-amd64 compressed oops)
# Failed to write core dump. Minidumps are not enabled by default on client versions of Windows
#

---------------  T H R E A D  ---------------

Current thread (0x0000000019f2a000):  JavaThread "C1 CompilerThread2" daemon [_thread_in_native, id=6260, stack(0x000000001b790000,0x000000001b890000)]

Stack: [0x000000001b790000,0x000000001b890000]
[error occurred during error reporting (printing stack bounds), id 0xc0000005]

Native frames: (J=compiled Java code, j=interpreted, Vv=VM code, C=native code)


Current CompileTask:
C1: 689171 3977   !   3       java.util.concurrent.ConcurrentHashMap::clear (176 bytes)


---------------  P R O C E S S  ---------------

Java Threads: ( => current thread )
  0x0000000022914000 JavaThread "Thread-6" [_thread_in_vm, id=12116, stack(0x000000001d7a0000,0x000000001d8a0000)]
  0x0000000022917000 JavaThread "DestroyJavaVM" [_thread_blocked, id=6308, stack(0x0000000002c90000,0x0000000002d90000)]
  0x0000000022912800 JavaThread "http-nio-8080-Acceptor" daemon [_thread_in_native, id=1712, stack(0x0000000024e10000,0x0000000024f10000)]
  0x0000000022913800 JavaThread "http-nio-8080-ClientPoller" daemon [_thread_in_native, id=7072, stack(0x0000000024d10000,0x0000000024e10000)]
  0x0000000022916800 JavaThread "http-nio-8080-exec-10" daemon [_thread_blocked, id=812, stack(0x0000000024c10000,0x0000000024d10000)]
  0x0000000022912000 JavaThread "http-nio-8080-exec-9" daemon [_thread_blocked, id=1192, stack(0x0000000024b10000,0x0000000024c10000)]
  0x0000000022911000 JavaThread "http-nio-8080-exec-8" daemon [_thread_blocked, id=11364, stack(0x0000000024910000,0x0000000024a10000)]
  0x0000000022910800 JavaThread "http-nio-8080-exec-7" daemon [_thread_blocked, id=2344, stack(0x0000000024810000,0x0000000024910000)]
  0x0000000022915800 JavaThread "http-nio-8080-exec-6" daemon [_thread_blocked, id=12104, stack(0x0000000024710000,0x0000000024810000)]
  0x0000000019f2d800 JavaThread "http-nio-8080-exec-5" daemon [_thread_blocked, id=5872, stack(0x0000000024610000,0x0000000024710000)]
  0x0000000019f2d000 JavaThread "http-nio-8080-exec-4" daemon [_thread_blocked, id=5548, stack(0x0000000024510000,0x0000000024610000)]
  0x0000000019f29000 JavaThread "http-nio-8080-exec-3" daemon [_thread_blocked, id=1668, stack(0x0000000024410000,0x0000000024510000)]
  0x0000000019f30000 JavaThread "http-nio-8080-exec-2" daemon [_thread_blocked, id=764, stack(0x0000000024310000,0x0000000024410000)]
  0x0000000019f2e800 JavaThread "http-nio-8080-exec-1" daemon [_thread_blocked, id=352, stack(0x0000000024210000,0x0000000024310000)]
  0x0000000019f2c000 JavaThread "http-nio-8080-BlockPoller" daemon [_thread_in_native, id=3232, stack(0x0000000024010000,0x0000000024110000)]
  0x0000000019f2f000 JavaThread "Live Reload Server" daemon [_thread_in_native, id=11568, stack(0x0000000024110000,0x0000000024210000)]
  0x000000001f8bf800 JavaThread "container-0" [_thread_blocked, id=2744, stack(0x0000000022660000,0x0000000022760000)]
  0x000000001f7c9000 JavaThread "Catalina-utility-2" [_thread_blocked, id=4628, stack(0x0000000022560000,0x0000000022660000)]
  0x000000001f7ca000 JavaThread "Catalina-utility-1" [_thread_blocked, id=4092, stack(0x0000000022460000,0x0000000022560000)]
  0x000000002186f800 JavaThread "HikariPool-1 housekeeper" daemon [_thread_blocked, id=10084, stack(0x000000001d9a0000,0x000000001daa0000)]
  0x0000000019f6e800 JavaThread "Service Thread" daemon [_thread_blocked, id=11524, stack(0x000000001bc90000,0x000000001bd90000)]
=>0x0000000019f2a000 JavaThread "C1 CompilerThread2" daemon [_thread_in_native, id=6260, stack(0x000000001b790000,0x000000001b890000)]
  0x0000000019f1b000 JavaThread "C2 CompilerThread1" daemon [_thread_blocked, id=9796, stack(0x000000001b690000,0x000000001b790000)]
  0x0000000019f14800 JavaThread "C2 CompilerThread0" daemon [_thread_blocked, id=5936, stack(0x000000001b590000,0x000000001b690000)]
  0x0000000019f12800 JavaThread "Attach Listener" daemon [_thread_blocked, id=9048, stack(0x000000001b490000,0x000000001b590000)]
  0x0000000019f11000 JavaThread "Signal Dispatcher" daemon [_thread_blocked, id=9224, stack(0x000000001b390000,0x000000001b490000)]
  0x0000000019efa000 JavaThread "Finalizer" daemon [_thread_blocked, id=7828, stack(0x000000001b190000,0x000000001b290000)]
  0x0000000002eb4000 JavaThread "Reference Handler" daemon [_thread_blocked, id=11216, stack(0x000000001b090000,0x000000001b190000)]

Other Threads:
  0x0000000019ed7800 VMThread [stack: 0x000000001af90000,0x000000001b090000] [id=6488]
  0x000000001b8f9800 WatcherThread [stack: 0x000000001bd90000,0x000000001be90000] [id=5088]

VM state:not at safepoint (normal execution)

VM Mutex/Monitor currently owned by a thread:  ([mutex/lock_event])
[0x0000000002dc0f50] SystemDictionary_lock - owner thread: 0x0000000000000000

heap address: 0x0000000702000000, size: 3040 MB, Compressed Oops mode: Zero based, Oop shift amount: 3
Narrow klass base: 0x0000000000000000, Narrow klass shift: 3
Compressed class space size: 1073741824 Address: 0x00000007c0000000

Heap:
 PSYoungGen      total 122880K, used 36043K [0x0000000780b00000, 0x000000078ac80000, 0x00000007c0000000)
  eden space 112640K, 22% used [0x0000000780b00000,0x0000000782438e20,0x0000000787900000)
  from space 10240K, 99% used [0x0000000787900000,0x00000007882fa148,0x0000000788300000)
  to   space 13312K, 0% used [0x0000000789f80000,0x0000000789f80000,0x000000078ac80000)
 ParOldGen       total 126464K, used 19868K [0x0000000702000000, 0x0000000709b80000, 0x0000000780b00000)
  object space 126464K, 15% used [0x0000000702000000,0x00000007033671d8,0x0000000709b80000)
 Metaspace       used 47420K, capacity 49596K, committed 49792K, reserved 1091584K
  class space    used 6313K, capacity 6706K, committed 6784K, reserved 1048576K

Card table byte_map: [0x0000000012280000,0x0000000012880000] byte_map_base: 0x000000000ea70000

Marking Bits: (ParMarkBitMap*) 0x000000005e876d90
 Begin Bits: [0x0000000013080000, 0x0000000016000000)
 End Bits:   [0x0000000016000000, 0x0000000018f80000)

Polling page: 0x0000000001320000

CodeCache: size=245760Kb used=11694Kb max_used=11775Kb free=234065Kb
 bounds [0x0000000002ec0000, 0x0000000003a50000, 0x0000000011ec0000]
 total_blobs=3935 nmethods=3430 adapters=417
 compilation: enabled

Compilation events (10 events):
Event: 689.137 Thread 0x0000000019f2a000 3972       3       java.io.File::getAbsolutePath (8 bytes)
Event: 689.138 Thread 0x0000000019f2a000 nmethod 3972 0x00000000039c8310 code [0x00000000039c8480, 0x00000000039c8628]
Event: 689.138 Thread 0x0000000019f14800 3973       4       java.util.HashSet::size (8 bytes)
Event: 689.138 Thread 0x0000000019f14800 nmethod 3973 0x000000000316b810 code [0x000000000316b940, 0x000000000316b9b8]
Event: 689.140 Thread 0x0000000019f2a000 3974       3       java.util.IdentityHashMap::capacity (29 bytes)
Event: 689.140 Thread 0x0000000019f1b000 3975       4       org.springframework.core.SerializableTypeWrapper::unwrap (34 bytes)
Event: 689.140 Thread 0x0000000019f2a000 nmethod 3974 0x00000000039c7ed0 code [0x00000000039c8040, 0x00000000039c8268]
Event: 689.140 Thread 0x0000000019f2a000 3976       3       java.util.ArrayList::sort (48 bytes)
Event: 689.141 Thread 0x0000000019f2a000 nmethod 3976 0x00000000039c4c50 code [0x00000000039c4dc0, 0x00000000039c5078]
Event: 689.143 Thread 0x0000000019f2a000 3977   !   3       java.util.concurrent.ConcurrentHashMap::clear (176 bytes)

GC Heap History (10 events):
Event: 6.234 GC heap before
{Heap before GC invocations=7 (full 1):
 PSYoungGen      total 56832K, used 49152K [0x0000000780b00000, 0x0000000787e00000, 0x00000007c0000000)
  eden space 49152K, 100% used [0x0000000780b00000,0x0000000783b00000,0x0000000783b00000)
  from space 7680K, 0% used [0x0000000783b00000,0x0000000783b00000,0x0000000784280000)
  to   space 9728K, 0% used [0x0000000787480000,0x0000000787480000,0x0000000787e00000)
 ParOldGen       total 78336K, used 6866K [0x0000000702000000, 0x0000000706c80000, 0x0000000780b00000)
  object space 78336K, 8% used [0x0000000702000000,0x00000007026b4b10,0x0000000706c80000)
 Metaspace       used 24540K, capacity 25650K, committed 25728K, reserved 1071104K
  class space    used 3156K, capacity 3385K, committed 3456K, reserved 1048576K
Event: 6.242 GC heap after
Heap after GC invocations=7 (full 1):
 PSYoungGen      total 81408K, used 5632K [0x0000000780b00000, 0x0000000787a80000, 0x00000007c0000000)
  eden space 75264K, 0% used [0x0000000780b00000,0x0000000780b00000,0x0000000785480000)
  from space 6144K, 91% used [0x0000000787480000,0x0000000787a00388,0x0000000787a80000)
  to   space 9216K, 0% used [0x0000000786880000,0x0000000786880000,0x0000000787180000)
 ParOldGen       total 78336K, used 6874K [0x0000000702000000, 0x0000000706c80000, 0x0000000780b00000)
  object space 78336K, 8% used [0x0000000702000000,0x00000007026b6b10,0x0000000706c80000)
 Metaspace       used 24540K, capacity 25650K, committed 25728K, reserved 1071104K
  class space    used 3156K, capacity 3385K, committed 3456K, reserved 1048576K
}
Event: 7.233 GC heap before
{Heap before GC invocations=8 (full 1):
 PSYoungGen      total 81408K, used 80880K [0x0000000780b00000, 0x0000000787a80000, 0x00000007c0000000)
  eden space 75264K, 99% used [0x0000000780b00000,0x000000078547bed0,0x0000000785480000)
  from space 6144K, 91% used [0x0000000787480000,0x0000000787a00388,0x0000000787a80000)
  to   space 9216K, 0% used [0x0000000786880000,0x0000000786880000,0x0000000787180000)
 ParOldGen       total 78336K, used 6874K [0x0000000702000000, 0x0000000706c80000, 0x0000000780b00000)
  object space 78336K, 8% used [0x0000000702000000,0x00000007026b6b10,0x0000000706c80000)
 Metaspace       used 27185K, capacity 28740K, committed 28928K, reserved 1075200K
  class space    used 3493K, capacity 3790K, committed 3840K, reserved 1048576K
Event: 7.240 GC heap after
Heap after GC invocations=8 (full 1):
 PSYoungGen      total 104960K, used 5756K [0x0000000780b00000, 0x0000000788c00000, 0x00000007c0000000)
  eden space 95744K, 0% used [0x0000000780b00000,0x0000000780b00000,0x0000000786880000)
  from space 9216K, 62% used [0x0000000786880000,0x0000000786e1f068,0x0000000787180000)
  to   space 9216K, 0% used [0x0000000788300000,0x0000000788300000,0x0000000788c00000)
 ParOldGen       total 78336K, used 6882K [0x0000000702000000, 0x0000000706c80000, 0x0000000780b00000)
  object space 78336K, 8% used [0x0000000702000000,0x00000007026b8b10,0x0000000706c80000)
 Metaspace       used 27185K, capacity 28740K, committed 28928K, reserved 1075200K
  class space    used 3493K, capacity 3790K, committed 3840K, reserved 1048576K
}
Event: 8.684 GC heap before
{Heap before GC invocations=9 (full 1):
 PSYoungGen      total 104960K, used 69327K [0x0000000780b00000, 0x0000000788c00000, 0x00000007c0000000)
  eden space 95744K, 66% used [0x0000000780b00000,0x0000000784914ef0,0x0000000786880000)
  from space 9216K, 62% used [0x0000000786880000,0x0000000786e1f068,0x0000000787180000)
  to   space 9216K, 0% used [0x0000000788300000,0x0000000788300000,0x0000000788c00000)
 ParOldGen       total 78336K, used 6882K [0x0000000702000000, 0x0000000706c80000, 0x0000000780b00000)
  object space 78336K, 8% used [0x0000000702000000,0x00000007026b8b10,0x0000000706c80000)
 Metaspace       used 33618K, capacity 35282K, committed 35416K, reserved 1081344K
  class space    used 4229K, capacity 4514K, committed 4608K, reserved 1048576K
Event: 8.704 GC heap after
Heap after GC invocations=9 (full 1):
 PSYoungGen      total 121856K, used 9187K [0x0000000780b00000, 0x000000078ae80000, 0x00000007c0000000)
  eden space 112640K, 0% used [0x0000000780b00000,0x0000000780b00000,0x0000000787900000)
  from space 9216K, 99% used [0x0000000788300000,0x0000000788bf8e28,0x0000000788c00000)
  to   space 10240K, 0% used [0x0000000787900000,0x0000000787900000,0x0000000788300000)
 ParOldGen       total 78336K, used 7810K [0x0000000702000000, 0x0000000706c80000, 0x0000000780b00000)
  object space 78336K, 9% used [0x0000000702000000,0x00000007027a09c8,0x0000000706c80000)
 Metaspace       used 33618K, capacity 35282K, committed 35416K, reserved 1081344K
  class space    used 4229K, capacity 4514K, committed 4608K, reserved 1048576K
}
Event: 8.704 GC heap before
{Heap before GC invocations=10 (full 2):
 PSYoungGen      total 121856K, used 9187K [0x0000000780b00000, 0x000000078ae80000, 0x00000007c0000000)
  eden space 112640K, 0% used [0x0000000780b00000,0x0000000780b00000,0x0000000787900000)
  from space 9216K, 99% used [0x0000000788300000,0x0000000788bf8e28,0x0000000788c00000)
  to   space 10240K, 0% used [0x0000000787900000,0x0000000787900000,0x0000000788300000)
 ParOldGen       total 78336K, used 7810K [0x0000000702000000, 0x0000000706c80000, 0x0000000780b00000)
  object space 78336K, 9% used [0x0000000702000000,0x00000007027a09c8,0x0000000706c80000)
 Metaspace       used 33618K, capacity 35282K, committed 35416K, reserved 1081344K
  class space    used 4229K, capacity 4514K, committed 4608K, reserved 1048576K
Event: 8.774 GC heap after
Heap after GC invocations=10 (full 2):
 PSYoungGen      total 121856K, used 0K [0x0000000780b00000, 0x000000078ae80000, 0x00000007c0000000)
  eden space 112640K, 0% used [0x0000000780b00000,0x0000000780b00000,0x0000000787900000)
  from space 9216K, 0% used [0x0000000788300000,0x0000000788300000,0x0000000788c00000)
  to   space 10240K, 0% used [0x0000000787900000,0x0000000787900000,0x0000000788300000)
 ParOldGen       total 126464K, used 15002K [0x0000000702000000, 0x0000000709b80000, 0x0000000780b00000)
  object space 126464K, 11% used [0x0000000702000000,0x0000000702ea6848,0x0000000709b80000)
 Metaspace       used 33618K, capacity 35282K, committed 35416K, reserved 1081344K
  class space    used 4229K, capacity 4514K, committed 4608K, reserved 1048576K
}
Event: 28.365 GC heap before
{Heap before GC invocations=11 (full 2):
 PSYoungGen      total 121856K, used 112640K [0x0000000780b00000, 0x000000078ae80000, 0x00000007c0000000)
  eden space 112640K, 100% used [0x0000000780b00000,0x0000000787900000,0x0000000787900000)
  from space 9216K, 0% used [0x0000000788300000,0x0000000788300000,0x0000000788c00000)
  to   space 10240K, 0% used [0x0000000787900000,0x0000000787900000,0x0000000788300000)
 ParOldGen       total 126464K, used 15002K [0x0000000702000000, 0x0000000709b80000, 0x0000000780b00000)
  object space 126464K, 11% used [0x0000000702000000,0x0000000702ea6848,0x0000000709b80000)
 Metaspace       used 46961K, capacity 49118K, committed 49408K, reserved 1091584K
  class space    used 6266K, capacity 6635K, committed 6656K, reserved 1048576K
Event: 28.390 GC heap after
Heap after GC invocations=11 (full 2):
 PSYoungGen      total 122880K, used 10216K [0x0000000780b00000, 0x000000078ac80000, 0x00000007c0000000)
  eden space 112640K, 0% used [0x0000000780b00000,0x0000000780b00000,0x0000000787900000)
  from space 10240K, 99% used [0x0000000787900000,0x00000007882fa148,0x0000000788300000)
  to   space 13312K, 0% used [0x0000000789f80000,0x0000000789f80000,0x000000078ac80000)
 ParOldGen       total 126464K, used 19868K [0x0000000702000000, 0x0000000709b80000, 0x0000000780b00000)
  object space 126464K, 15% used [0x0000000702000000,0x00000007033671d8,0x0000000709b80000)
 Metaspace       used 46961K, capacity 49118K, committed 49408K, reserved 1091584K
  class space    used 6266K, capacity 6635K, committed 6656K, reserved 1048576K
}

Deoptimization events (10 events):
Event: 11.419 Thread 0x000000001ed38800 Uncommon trap: reason=bimorphic action=maybe_recompile pc=0x000000000353319c method=java.lang.ClassLoader.loadClass(Ljava/lang/String;Z)Ljava/lang/Class; @ 70
Event: 12.120 Thread 0x0000000019f30000 Uncommon trap: reason=bimorphic action=maybe_recompile pc=0x000000000318e188 method=java.util.concurrent.ConcurrentHashMap.putVal(Ljava/lang/Object;Ljava/lang/Object;Z)Ljava/lang/Object; @ 192
Event: 12.120 Thread 0x0000000019f30000 Uncommon trap: reason=bimorphic action=maybe_recompile pc=0x000000000318e188 method=java.util.concurrent.ConcurrentHashMap.putVal(Ljava/lang/Object;Ljava/lang/Object;Z)Ljava/lang/Object; @ 192
Event: 12.129 Thread 0x0000000019f30000 Uncommon trap: reason=bimorphic action=maybe_recompile pc=0x000000000318e188 method=java.util.concurrent.ConcurrentHashMap.putVal(Ljava/lang/Object;Ljava/lang/Object;Z)Ljava/lang/Object; @ 192
Event: 12.129 Thread 0x0000000019f30000 Uncommon trap: reason=bimorphic action=maybe_recompile pc=0x000000000318e188 method=java.util.concurrent.ConcurrentHashMap.putVal(Ljava/lang/Object;Ljava/lang/Object;Z)Ljava/lang/Object; @ 192
Event: 12.167 Thread 0x0000000019f2b800 Uncommon trap: reason=bimorphic action=maybe_recompile pc=0x00000000037f6a80 method=java.util.AbstractCollection.containsAll(Ljava/util/Collection;)Z @ 25
Event: 12.167 Thread 0x0000000019f2b800 Uncommon trap: reason=bimorphic action=maybe_recompile pc=0x00000000037f6a80 method=java.util.AbstractCollection.containsAll(Ljava/util/Collection;)Z @ 25
Event: 89.562 Thread 0x0000000022913800 Uncommon trap: reason=unstable_if action=reinterpret pc=0x000000000380d50c method=java.util.HashMap$HashIterator.<init>(Ljava/util/HashMap;)V @ 45
Event: 685.522 Thread 0x0000000019f2b800 Uncommon trap: reason=unstable_if action=reinterpret pc=0x00000000039bc0b4 method=java.io.File.listFiles()[Ljava/io/File; @ 6
Event: 688.332 Thread 0x0000000019f2b800 Uncommon trap: reason=unstable_if action=reinterpret pc=0x00000000039c5c28 method=java.io.File.listFiles()[Ljava/io/File; @ 6

Classes redefined (0 events):
No events

Internal exceptions (10 events):
Event: 8.873 Thread 0x000000001c41c800 Exception <a 'java/lang/ClassNotFoundException': org/springframework/context/ResourceLoaderAwareCustomizer> (0x0000000780d3f4e0) thrown at [C:\re\workspace\8-2-build-windows-amd64-cygwin\jdk8u231\13620\hotspot\src\share\vm\classfile\systemDictionary.cpp, 
Event: 8.874 Thread 0x000000001c41c800 Exception <a 'java/lang/ClassNotFoundException': org/springframework/beans/factory/AwareCustomizer> (0x0000000780d51460) thrown at [C:\re\workspace\8-2-build-windows-amd64-cygwin\jdk8u231\13620\hotspot\src\share\vm\classfile\systemDictionary.cpp, line 210
Event: 8.874 Thread 0x000000001c41c800 Exception <a 'java/lang/ClassNotFoundException': org/springframework/context/ApplicationContextAwareCustomizer> (0x0000000780e7a2a8) thrown at [C:\re\workspace\8-2-build-windows-amd64-cygwin\jdk8u231\13620\hotspot\src\share\vm\classfile\systemDictionary.c
Event: 8.875 Thread 0x000000001c41c800 Exception <a 'java/lang/ClassNotFoundException': org/springframework/beans/factory/AwareCustomizer> (0x0000000780e8c830) thrown at [C:\re\workspace\8-2-build-windows-amd64-cygwin\jdk8u231\13620\hotspot\src\share\vm\classfile\systemDictionary.cpp, line 210
Event: 8.876 Thread 0x000000001c41c800 Exception <a 'java/lang/ClassNotFoundException': org/springframework/web/context/ServletContextAwareCustomizer> (0x0000000780ea0378) thrown at [C:\re\workspace\8-2-build-windows-amd64-cygwin\jdk8u231\13620\hotspot\src\share\vm\classfile\systemDictionary.c
Event: 8.877 Thread 0x000000001c41c800 Exception <a 'java/lang/ClassNotFoundException': org/springframework/beans/factory/AwareCustomizer> (0x0000000780eb2370) thrown at [C:\re\workspace\8-2-build-windows-amd64-cygwin\jdk8u231\13620\hotspot\src\share\vm\classfile\systemDictionary.cpp, line 210
Event: 9.729 Thread 0x000000001c41c800 Exception <a 'java/lang/IncompatibleClassChangeError': Found class java.lang.Object, but interface was expected> (0x0000000782ffe998) thrown at [C:\re\workspace\8-2-build-windows-amd64-cygwin\jdk8u231\13620\hotspot\src\share\vm\interpreter\linkResolver.cp
Event: 11.095 Thread 0x000000001ed38800 Implicit null exception at 0x00000000034d9131 to 0x00000000034d9549
Event: 685.522 Thread 0x0000000019f2b800 Implicit null exception at 0x00000000039ba97b to 0x00000000039bc089
Event: 688.332 Thread 0x0000000019f2b800 Implicit null exception at 0x00000000039c591b to 0x00000000039c5c15

Events (10 events):
Event: 689.139 loading class org/springframework/boot/devtools/restart/Restarter
Event: 689.139 loading class org/springframework/boot/devtools/restart/Restarter done
Event: 689.139 Thread 0x0000000022914000 Thread added: 0x0000000022914000
Event: 689.139 Executing VM operation: RevokeBias
Event: 689.140 Executing VM operation: RevokeBias done
Event: 689.140 Thread 0x0000000019f2b800 Thread exited: 0x0000000019f2b800
Event: 689.141 loading class org/springframework/context/support/DefaultLifecycleProcessor
Event: 689.141 loading class org/springframework/context/support/DefaultLifecycleProcessor done
Event: 689.142 loading class org/springframework/data/jpa/util/JpaMetamodel
Event: 689.142 loading class org/springframework/data/jpa/util/JpaMetamodel done


Dynamic libraries:
0x00007ff7cbd20000 - 0x00007ff7cbd57000 	C:\Program Files\Java\jre1.8.0_231\bin\javaw.exe
0x00007fff9ea80000 - 0x00007fff9ec70000 	C:\WINDOWS\SYSTEM32\ntdll.dll
0x00007fff6c250000 - 0x00007fff6c265000 	C:\Program Files\AVG\Antivirus\aswhook.dll
0x00007fff9d9c0000 - 0x00007fff9da72000 	C:\WINDOWS\System32\KERNEL32.DLL
0x00007fff9c490000 - 0x00007fff9c733000 	C:\WINDOWS\System32\KERNELBASE.dll
0x00007fff9d5c0000 - 0x00007fff9d663000 	C:\WINDOWS\System32\ADVAPI32.dll
0x00007fff9d880000 - 0x00007fff9d91e000 	C:\WINDOWS\System32\msvcrt.dll
0x00007fff9d920000 - 0x00007fff9d9b7000 	C:\WINDOWS\System32\sechost.dll
0x00007fff9def0000 - 0x00007fff9e010000 	C:\WINDOWS\System32\RPCRT4.dll
0x00007fff9e090000 - 0x00007fff9e224000 	C:\WINDOWS\System32\USER32.dll
0x00007fff9cb10000 - 0x00007fff9cb31000 	C:\WINDOWS\System32\win32u.dll
0x00007fff9cb90000 - 0x00007fff9cbb6000 	C:\WINDOWS\System32\GDI32.dll
0x00007fff9c840000 - 0x00007fff9c9d4000 	C:\WINDOWS\System32\gdi32full.dll
0x00007fff9ca40000 - 0x00007fff9cade000 	C:\WINDOWS\System32\msvcp_win.dll
0x00007fff9c740000 - 0x00007fff9c83a000 	C:\WINDOWS\System32\ucrtbase.dll
0x00007fff8a110000 - 0x00007fff8a395000 	C:\WINDOWS\WinSxS\amd64_microsoft.windows.common-controls_6595b64144ccf1df_6.0.18362.720_none_e6beb5c51314836b\COMCTL32.dll
0x00007fff9e350000 - 0x00007fff9e686000 	C:\WINDOWS\System32\combase.dll
0x00007fff9ba70000 - 0x00007fff9baf0000 	C:\WINDOWS\System32\bcryptPrimitives.dll
0x00007fff9cbc0000 - 0x00007fff9cbee000 	C:\WINDOWS\System32\IMM32.DLL
0x000000005de90000 - 0x000000005df62000 	C:\Program Files\Java\jre1.8.0_231\bin\msvcr100.dll
0x000000005e050000 - 0x000000005e8f6000 	C:\Program Files\Java\jre1.8.0_231\bin\server\jvm.dll
0x00007fff9e010000 - 0x00007fff9e018000 	C:\WINDOWS\System32\PSAPI.DLL
0x00007fff8f300000 - 0x00007fff8f309000 	C:\WINDOWS\SYSTEM32\WSOCK32.dll
0x00007fff9e2e0000 - 0x00007fff9e34f000 	C:\WINDOWS\System32\WS2_32.dll
0x00007fff99830000 - 0x00007fff99854000 	C:\WINDOWS\SYSTEM32\WINMM.dll
0x00007fff95a80000 - 0x00007fff95a8a000 	C:\WINDOWS\SYSTEM32\VERSION.dll
0x00007fff99800000 - 0x00007fff9982d000 	C:\WINDOWS\SYSTEM32\WINMMBASE.dll
0x00007fff9cb40000 - 0x00007fff9cb8a000 	C:\WINDOWS\System32\cfgmgr32.dll
0x00007fff984a0000 - 0x00007fff984af000 	C:\Program Files\Java\jre1.8.0_231\bin\verify.dll
0x00007fff96af0000 - 0x00007fff96b19000 	C:\Program Files\Java\jre1.8.0_231\bin\java.dll
0x00007fff96ab0000 - 0x00007fff96ac6000 	C:\Program Files\Java\jre1.8.0_231\bin\zip.dll
0x00007fff9cc80000 - 0x00007fff9d365000 	C:\WINDOWS\System32\SHELL32.dll
0x00007fff9e230000 - 0x00007fff9e2d9000 	C:\WINDOWS\System32\shcore.dll
0x00007fff9bd10000 - 0x00007fff9c490000 	C:\WINDOWS\System32\windows.storage.dll
0x00007fff9b9f0000 - 0x00007fff9ba13000 	C:\WINDOWS\System32\profapi.dll
0x00007fff9ba20000 - 0x00007fff9ba6a000 	C:\WINDOWS\System32\powrprof.dll
0x00007fff9b9a0000 - 0x00007fff9b9b0000 	C:\WINDOWS\System32\UMPDC.dll
0x00007fff9e8a0000 - 0x00007fff9e8f2000 	C:\WINDOWS\System32\shlwapi.dll
0x00007fff9b9d0000 - 0x00007fff9b9e1000 	C:\WINDOWS\System32\kernel.appcore.dll
0x00007fff9bcf0000 - 0x00007fff9bd07000 	C:\WINDOWS\System32\cryptsp.dll
0x00007fff98240000 - 0x00007fff9824d000 	C:\Program Files\Java\jre1.8.0_231\bin\management.dll
0x00007fff960b0000 - 0x00007fff960ca000 	C:\Program Files\Java\jre1.8.0_231\bin\net.dll
0x00007fff9b1b0000 - 0x00007fff9b217000 	C:\WINDOWS\system32\mswsock.dll
0x00007fff67e70000 - 0x00007fff67e86000 	C:\WINDOWS\system32\napinsp.dll
0x00007fff67e50000 - 0x00007fff67e6a000 	C:\WINDOWS\system32\pnrpnsp.dll
0x00007fff9af00000 - 0x00007fff9afca000 	C:\WINDOWS\SYSTEM32\DNSAPI.dll
0x00007fff9e710000 - 0x00007fff9e718000 	C:\WINDOWS\System32\NSI.dll
0x00007fff9aec0000 - 0x00007fff9aefa000 	C:\WINDOWS\SYSTEM32\IPHLPAPI.DLL
0x00007fff68f00000 - 0x00007fff68f0e000 	C:\WINDOWS\System32\winrnr.dll
0x00007fff98200000 - 0x00007fff9821c000 	C:\WINDOWS\system32\NLAapi.dll
0x00007fff969e0000 - 0x00007fff969f5000 	C:\WINDOWS\system32\wshbth.dll
0x00007fff91690000 - 0x00007fff9169a000 	C:\Windows\System32\rasadhlp.dll
0x00007fff948e0000 - 0x00007fff94957000 	C:\WINDOWS\System32\fwpuclnt.dll
0x00007fff9cae0000 - 0x00007fff9cb06000 	C:\WINDOWS\System32\bcrypt.dll
0x00007fff8a9a0000 - 0x00007fff8a9b2000 	C:\Program Files\Java\jre1.8.0_231\bin\nio.dll
0x00007fff9ad20000 - 0x00007fff9ad53000 	C:\WINDOWS\system32\rsaenh.dll
0x00007fff9b890000 - 0x00007fff9b8b5000 	C:\WINDOWS\SYSTEM32\USERENV.dll
0x00007fff9b380000 - 0x00007fff9b38c000 	C:\WINDOWS\SYSTEM32\CRYPTBASE.dll
0x00007fff94c20000 - 0x00007fff94c36000 	C:\WINDOWS\SYSTEM32\dhcpcsvc6.DLL
0x00007fff94dc0000 - 0x00007fff94ddc000 	C:\WINDOWS\SYSTEM32\dhcpcsvc.DLL

VM Arguments:
jvm_args: -Dfile.encoding=UTF-8 
java_command: com.example.restfull.resfull_API.ResfullApiApplication
java_class_path (initial): E:\Microservices_Workspace\resfull_API\target\classes;C:\Users\USER\.m2\repository\org\springframework\boot\spring-boot-starter-data-jpa\2.3.0.BUILD-SNAPSHOT\spring-boot-starter-data-jpa-2.3.0.BUILD-SNAPSHOT.jar;C:\Users\USER\.m2\repository\org\springframework\boot\spring-boot-starter-aop\2.3.0.BUILD-SNAPSHOT\spring-boot-starter-aop-2.3.0.BUILD-SNAPSHOT.jar;C:\Users\USER\.m2\repository\org\springframework\spring-aop\5.2.4.RELEASE\spring-aop-5.2.4.RELEASE.jar;C:\Users\USER\.m2\repository\org\aspectj\aspectjweaver\1.9.5\aspectjweaver-1.9.5.jar;C:\Users\USER\.m2\repository\org\springframework\boot\spring-boot-starter-jdbc\2.3.0.BUILD-SNAPSHOT\spring-boot-starter-jdbc-2.3.0.BUILD-SNAPSHOT.jar;C:\Users\USER\.m2\repository\com\zaxxer\HikariCP\3.4.2\HikariCP-3.4.2.jar;C:\Users\USER\.m2\repository\org\springframework\spring-jdbc\5.2.4.RELEASE\spring-jdbc-5.2.4.RELEASE.jar;C:\Users\USER\.m2\repository\jakarta\transaction\jakarta.transaction-api\1.3.3\jakarta.transaction-api-1.3.3.jar;C:\Users\USER\.m2\repository\jakarta\persistence\jakarta.persistence-api\2.2.3\jakarta.persistence-api-2.2.3.jar;C:\Users\USER\.m2\repository\org\hibernate\hibernate-core\5.4.12.Final\hibernate-core-5.4.12.Final.jar;C:\Users\USER\.m2\repository\org\jboss\logging\jboss-logging\3.4.1.Final\jboss-logging-3.4.1.Final.jar;C:\Users\USER\.m2\repository\org\javassist\javassist\3.24.0-GA\javassist-3.24.0-GA.jar;C:\Users\USER\.m2\repository\net\bytebuddy\byte-buddy\1.10.8\byte-buddy-1.10.8.jar;C:\Users\USER\.m2\repository\antlr\antlr\2.7.7\antlr-2.7.7.jar;C:\Users\USER\.m2\repository\org\jboss\jandex\2.1.1.Final\jandex-2.1.1.Final.jar;C:\Users\USER\.m2\repository\com\fasterxml\classmate\1.5.1\classmate-1.5.1.jar;C:\Users\USER\.m2\repository\org\dom4j\dom4j\2.1.1\dom4j-2.1.1.jar;C:\Users\USER\.m2\repository\org\hibernate\common\hibernate-commons-annotations\5.1.0.Final\hibernate-commons-annotations-5.1.0.Final.jar;C:\Users\USER\.m2\repository\org\glassfish\jaxb\jaxb-runtime\2.3
Launcher Type: SUN_STANDARD

Environment Variables:
JAVA_HOME=C:\Program Files\Java\jdk1.8.0_231
PATH=C:/Program Files/Java/jre1.8.0_231/bin/server;C:/Program Files/Java/jre1.8.0_231/bin;C:/Program Files/Java/jre1.8.0_231/lib/amd64;C:\Program Files (x86)\Common Files\Oracle\Java\javapath;C:\WINDOWS\system32;C:\WINDOWS;C:\WINDOWS\System32\Wbem;C:\WINDOWS\System32\WindowsPowerShell\v1.0\;C:\Program Files (x86)\ATI Technologies\ATI.ACE\Core-Static;C:\Program Files\Java\jdk1.8.0_231\bin;C:\Program Files\nodejs\;C:\WINDOWS\System32\OpenSSH\;E:\apache-tomcat-8.5.49\bin;E:\mvn\apache-maven-3.6.3\bin;C:\Users\USER\AppData\Local\Microsoft\WindowsApps;C:\Users\USER\AppData\Roaming\npm;C:\Users\USER\AppData\Local\Programs\Microsoft VS Code\bin;E:\gradle-6.2.2\bin;;E:\Udemey\eclipse;
USERNAME=USER
OS=Windows_NT
PROCESSOR_IDENTIFIER=Intel64 Family 6 Model 58 Stepping 9, GenuineIntel



---------------  S Y S T E M  ---------------

OS: Windows 10.0 , 64 bit Build 18362 (10.0.18362.329)

CPU:total 4 (initial active 4) (2 cores per cpu, 2 threads per core) family 6 model 58 stepping 9, cmov, cx8, fxsr, mmx, sse, sse2, sse3, ssse3, sse4.1, sse4.2, popcnt, avx, aes, clmul, erms, ht, tsc, tscinvbit, tscinv

Memory: 4k page, physical 12449048k(3566220k free), swap 42941620k(536k free)

vm_info: Java HotSpot(TM) 64-Bit Server VM (25.231-b11) for windows-amd64 JRE (1.8.0_231-b11), built on Oct  5 2019 03:11:30 by "java_re" with MS VC++ 10.0 (VS2010)

time: Tue Mar 31 22:05:37 2020
timezone: Malay Peninsula Standard Time
elapsed time: 689 seconds (0d 0h 11m 29s)

