#
# A fatal error has been detected by the Java Runtime Environment:
#
#  EXCEPTION_STACK_OVERFLOW (0xc00000fd) at pc=0x0000000069905087, pid=13232, tid=0x000000000000057c
#
# JRE version: Java(TM) SE Runtime Environment (8.0_231-b11) (build 1.8.0_231-b11)
# Java VM: Java HotSpot(TM) 64-Bit Server VM (25.231-b11 mixed mode windows-amd64 compressed oops)
# Problematic frame:
# V  [jvm.dll+0x215087]
#
# Failed to write core dump. Minidumps are not enabled by default on client versions of Windows
#
# If you would like to submit a bug report, please visit:
#   http://bugreport.java.com/bugreport/crash.jsp
#

---------------  T H R E A D  ---------------

Current thread (0x000000001ed6c000):  JavaThread "Thread-30" [_thread_in_vm, id=1404, stack(0x000000001cf20000,0x000000001d020000)]

siginfo: ExceptionCode=0xc00000fd, ExceptionInformation=0x0000000000000001 0x000000001d01c260 

Registers:
RAX=0x000000001d01c260, RBX=0x0000000000000004, RCX=0x0000000000003000, RDX=0x0000000000000006
RSP=0x000000001d01f260, RBP=0x0000000000000000, RSI=0x000000001d01f260, RDI=0x0000000000000004
R8 =0x0000000000000006, R9 =0x000000001cc7cb40, R10=0x0000000019142d90, R11=0x000000001cf2a168
R12=0x000000001cc7cb40, R13=0x000000001ed6c000, R14=0x000000001d01f328, R15=0x0000000019142d90
RIP=0x0000000069905087, EFLAGS=0x0000000000010206

Top of Stack: (sp=0x000000001d01f260)
0x000000001d01f260:   00000b4370bf6a04 00000007c0006c48
0x000000001d01f270:   000000001ed6c000 000000001cc7cb40
0x000000001d01f280:   00000000ffffffff 0000000069905fb7
0x000000001d01f290:   000000001d01f390 0000000019142d90
0x000000001d01f2a0:   000000001ed6c000 00000000697b1073
0x000000001d01f2b0:   000000001d01f2f0 000000001ed6c000
0x000000001d01f2c0:   000000001d01f380 000000001ed6c000
0x000000001d01f2d0:   0000000019142d90 000000001ed6c000
0x000000001d01f2e0:   0000000002463be0 000000001ed6c000
0x000000001d01f2f0:   0000000019142d90 000000001ed6c000
0x000000001d01f300:   0000000018b2c678 000000001ed6c000
0x000000001d01f310:   0000000000000001 0000000019142d90
0x000000001d01f320:   000000001ed6c000 0000000021c721f0
0x000000001d01f330:   000000001ed6c000 00000000697b27dd
0x000000001d01f340:   000000001d01f648 00000007c0006c48
0x000000001d01f350:   00000007c00e4640 00007ffa44242e9a 

Instructions: (pc=0x0000000069905087)
0x0000000069905067:   48 89 6c 24 30 33 ed 66 90 e8 8b 5c 08 00 ff c3
0x0000000069905077:   48 63 c8 48 8b c6 48 0f af cf 48 ff c7 48 2b c1
0x0000000069905087:   89 28 48 63 c3 48 3b 05 15 b8 59 00 7e db 48 8b
0x0000000069905097:   6c 24 30 48 8b 5c 24 38 48 8b 74 24 40 48 83 c4 


Register to memory mapping:

RAX=0x000000001d01c260 is pointing into the stack for thread: 0x000000001ed6c000
RBX=0x0000000000000004 is an unknown value
RCX=0x0000000000003000 is an unknown value
RDX=0x0000000000000006 is an unknown value
RSP=0x000000001d01f260 is pointing into the stack for thread: 0x000000001ed6c000
RBP=0x0000000000000000 is an unknown value
RSI=0x000000001d01f260 is pointing into the stack for thread: 0x000000001ed6c000
RDI=0x0000000000000004 is an unknown value
R8 =0x0000000000000006 is an unknown value
R9 =0x000000001cc7cb40 is an unknown value
R10={method} {0x0000000019142d98} 'run' '()V' in 'org/springframework/boot/devtools/restart/Restarter$LeakSafeThread'
R11=0x000000001cf2a168 is pointing into the stack for thread: 0x000000001ed6c000
R12=0x000000001cc7cb40 is an unknown value
R13=0x000000001ed6c000 is a thread
R14=0x000000001d01f328 is pointing into the stack for thread: 0x000000001ed6c000
R15={method} {0x0000000019142d98} 'run' '()V' in 'org/springframework/boot/devtools/restart/Restarter$LeakSafeThread'


Stack: [0x000000001cf20000,0x000000001d020000],  sp=0x000000001d01f260,  free space=1020k
Native frames: (J=compiled Java code, j=interpreted, Vv=VM code, C=native code)


---------------  P R O C E S S  ---------------

Java Threads: ( => current thread )
=>0x000000001ed6c000 JavaThread "Thread-30" [_thread_in_vm, id=1404, stack(0x000000001cf20000,0x000000001d020000)]
  0x000000001ed6a800 JavaThread "http-nio-8080-Acceptor" daemon [_thread_in_native, id=8784, stack(0x0000000024fd0000,0x00000000250d0000)]
  0x000000001ed69000 JavaThread "http-nio-8080-ClientPoller" daemon [_thread_in_native, id=14144, stack(0x0000000024ed0000,0x0000000024fd0000)]
  0x000000001ed67800 JavaThread "http-nio-8080-exec-10" daemon [_thread_blocked, id=10132, stack(0x0000000024dd0000,0x0000000024ed0000)]
  0x000000001fae6000 JavaThread "http-nio-8080-exec-9" daemon [_thread_blocked, id=4016, stack(0x0000000024cd0000,0x0000000024dd0000)]
  0x000000001fae4800 JavaThread "http-nio-8080-exec-8" daemon [_thread_blocked, id=1164, stack(0x00000000246d0000,0x00000000247d0000)]
  0x000000001fae8800 JavaThread "http-nio-8080-exec-7" daemon [_thread_blocked, id=8280, stack(0x00000000243c0000,0x00000000244c0000)]
  0x000000001fae4000 JavaThread "http-nio-8080-exec-6" daemon [_thread_blocked, id=5736, stack(0x00000000242c0000,0x00000000243c0000)]
  0x000000001fae2800 JavaThread "http-nio-8080-exec-5" daemon [_thread_blocked, id=1940, stack(0x00000000241c0000,0x00000000242c0000)]
  0x000000001fae7800 JavaThread "http-nio-8080-exec-4" daemon [_thread_blocked, id=9188, stack(0x00000000240c0000,0x00000000241c0000)]
  0x000000001fae7000 JavaThread "http-nio-8080-exec-3" daemon [_thread_blocked, id=12620, stack(0x0000000023fc0000,0x00000000240c0000)]
  0x000000001fae5800 JavaThread "http-nio-8080-exec-2" daemon [_thread_blocked, id=3948, stack(0x0000000023ec0000,0x0000000023fc0000)]
  0x000000001fada800 JavaThread "http-nio-8080-exec-1" daemon [_thread_blocked, id=1260, stack(0x0000000023dc0000,0x0000000023ec0000)]
  0x000000001fadb800 JavaThread "http-nio-8080-BlockPoller" daemon [_thread_in_native, id=12548, stack(0x0000000023cc0000,0x0000000023dc0000)]
  0x000000001fadf000 JavaThread "container-0" [_thread_blocked, id=14328, stack(0x0000000023640000,0x0000000023740000)]
  0x000000001fade800 JavaThread "Catalina-utility-2" [_thread_blocked, id=9480, stack(0x0000000023540000,0x0000000023640000)]
  0x000000001fae0000 JavaThread "Catalina-utility-1" [_thread_blocked, id=3108, stack(0x0000000023210000,0x0000000023310000)]
  0x000000001fadd800 JavaThread "HikariPool-6 housekeeper" daemon [_thread_blocked, id=488, stack(0x0000000022d10000,0x0000000022e10000)]
  0x000000001fadc000 JavaThread "DestroyJavaVM" [_thread_blocked, id=6068, stack(0x0000000002150000,0x0000000002250000)]
  0x000000001ed6a000 JavaThread "Live Reload Server" daemon [_thread_in_native, id=7112, stack(0x00000000238c0000,0x00000000239c0000)]
  0x000000001ad34000 JavaThread "Service Thread" daemon [_thread_blocked, id=8068, stack(0x000000001b210000,0x000000001b310000)]
  0x00000000194fe800 JavaThread "C1 CompilerThread2" daemon [_thread_in_vm, id=1752, stack(0x000000001b110000,0x000000001b210000)]
  0x00000000194fb800 JavaThread "C2 CompilerThread1" daemon [_thread_blocked, id=13252, stack(0x000000001ac10000,0x000000001ad10000)]
  0x00000000194a5000 JavaThread "C2 CompilerThread0" daemon [_thread_blocked, id=4356, stack(0x000000001ab10000,0x000000001ac10000)]
  0x00000000194a3000 JavaThread "Attach Listener" daemon [_thread_blocked, id=6240, stack(0x000000001aa10000,0x000000001ab10000)]
  0x00000000194a1800 JavaThread "Signal Dispatcher" daemon [_thread_blocked, id=11036, stack(0x000000001a910000,0x000000001aa10000)]
  0x00000000023ae000 JavaThread "Finalizer" daemon [_thread_blocked, id=3716, stack(0x000000001a710000,0x000000001a810000)]
  0x00000000023a3000 JavaThread "Reference Handler" daemon [_thread_blocked, id=7036, stack(0x000000001a610000,0x000000001a710000)]

Other Threads:
  0x0000000019468000 VMThread [stack: 0x000000001a510000,0x000000001a610000] [id=13016]
  0x000000001ad37000 WatcherThread [stack: 0x000000001b310000,0x000000001b410000] [id=12244]

VM state:not at safepoint (normal execution)

VM Mutex/Monitor currently owned by a thread:  ([mutex/lock_event])
[0x00000000024484f0] CodeCache_lock - owner thread: 0x00000000194fe800
[0x00000000022b2160] Compile_lock - owner thread: 0x00000000194fe800
[0x00000000022b3a60] MethodCompileQueue_lock - owner thread: 0x00000000194fe800

heap address: 0x0000000702000000, size: 3040 MB, Compressed Oops mode: Zero based, Oop shift amount: 3
Narrow klass base: 0x0000000000000000, Narrow klass shift: 3
Compressed class space size: 1073741824 Address: 0x00000007c0000000

Heap:
 PSYoungGen      total 165888K, used 139587K [0x0000000780b00000, 0x000000078b980000, 0x00000007c0000000)
  eden space 153088K, 91% used [0x0000000780b00000,0x0000000789350c30,0x000000078a080000)
  from space 12800K, 0% used [0x000000078a080000,0x000000078a080000,0x000000078ad00000)
  to   space 12800K, 0% used [0x000000078ad00000,0x000000078ad00000,0x000000078b980000)
 ParOldGen       total 113664K, used 14023K [0x0000000702000000, 0x0000000708f00000, 0x0000000780b00000)
  object space 113664K, 12% used [0x0000000702000000,0x0000000702db1f60,0x0000000708f00000)
 Metaspace       used 49061K, capacity 51816K, committed 51968K, reserved 1093632K
  class space    used 6396K, capacity 6860K, committed 6912K, reserved 1048576K

Card table byte_map: [0x0000000011810000,0x0000000011e10000] byte_map_base: 0x000000000e000000

Marking Bits: (ParMarkBitMap*) 0x0000000069f16d90
 Begin Bits: [0x0000000012610000, 0x0000000015590000)
 End Bits:   [0x0000000015590000, 0x0000000018510000)

Polling page: 0x0000000002250000

CodeCache: size=245760Kb used=20078Kb max_used=20107Kb free=225681Kb
 bounds [0x0000000002450000, 0x0000000003810000, 0x0000000011450000]
 total_blobs=5646 nmethods=5140 adapters=416
 compilation: enabled

Compilation events (10 events):
Event: 4725.741 Thread 0x00000000194fe800 nmethod 6207 0x0000000002c54c10 code [0x0000000002c54f40, 0x0000000002c56b38]
Event: 4832.736 Thread 0x00000000194a5000 6208       4       java.util.concurrent.locks.AbstractQueuedSynchronizer$ConditionObject::await (98 bytes)
Event: 4832.799 Thread 0x00000000194a5000 nmethod 6208 0x0000000002c44e10 code [0x0000000002c45020, 0x0000000002c45d40]
Event: 4927.862 Thread 0x00000000194fe800 6209       3       com.zaxxer.hikari.util.ConcurrentBag::getCount (49 bytes)
Event: 4927.866 Thread 0x00000000194fe800 nmethod 6209 0x0000000002e15310 code [0x0000000002e15520, 0x0000000002e16238]
Event: 4957.863 Thread 0x00000000194fe800 6210       3       com.zaxxer.hikari.pool.HikariPool::getTotalConnections (8 bytes)
Event: 4957.864 Thread 0x00000000194fe800 nmethod 6210 0x00000000038028d0 code [0x0000000003802a40, 0x0000000003802d90]
Event: 4957.864 Thread 0x00000000194fe800 6211       3       com.zaxxer.hikari.util.ConcurrentBag::size (8 bytes)
Event: 4957.864 Thread 0x00000000194fe800 nmethod 6211 0x0000000002c546d0 code [0x0000000002c54840, 0x0000000002c54b10]
Event: 4988.393 Thread 0x00000000194fe800 6212       3       java.util.regex.Pattern::sequence (553 bytes)

GC Heap History (10 events):
Event: 3948.173 GC heap before
{Heap before GC invocations=18 (full 5):
 PSYoungGen      total 166400K, used 5406K [0x0000000780b00000, 0x000000078ba80000, 0x00000007c0000000)
  eden space 153088K, 0% used [0x0000000780b00000,0x0000000780b00000,0x000000078a080000)
  from space 13312K, 40% used [0x000000078a080000,0x000000078a5c7a58,0x000000078ad80000)
  to   space 13312K, 0% used [0x000000078ad80000,0x000000078ad80000,0x000000078ba80000)
 ParOldGen       total 113664K, used 10308K [0x0000000702000000, 0x0000000708f00000, 0x0000000780b00000)
  object space 113664K, 9% used [0x0000000702000000,0x0000000702a111b0,0x0000000708f00000)
 Metaspace       used 48360K, capacity 50860K, committed 51072K, reserved 1093632K
  class space    used 6347K, capacity 6757K, committed 6784K, reserved 1048576K
Event: 3948.697 GC heap after
Heap after GC invocations=18 (full 5):
 PSYoungGen      total 166400K, used 0K [0x0000000780b00000, 0x000000078ba80000, 0x00000007c0000000)
  eden space 153088K, 0% used [0x0000000780b00000,0x0000000780b00000,0x000000078a080000)
  from space 13312K, 0% used [0x000000078a080000,0x000000078a080000,0x000000078ad80000)
  to   space 13312K, 0% used [0x000000078ad80000,0x000000078ad80000,0x000000078ba80000)
 ParOldGen       total 113664K, used 13406K [0x0000000702000000, 0x0000000708f00000, 0x0000000780b00000)
  object space 113664K, 11% used [0x0000000702000000,0x0000000702d17ad8,0x0000000708f00000)
 Metaspace       used 48357K, capacity 50854K, committed 51072K, reserved 1093632K
  class space    used 6346K, capacity 6755K, committed 6784K, reserved 1048576K
}
Event: 4036.955 GC heap before
{Heap before GC invocations=19 (full 5):
 PSYoungGen      total 166400K, used 111990K [0x0000000780b00000, 0x000000078ba80000, 0x00000007c0000000)
  eden space 153088K, 73% used [0x0000000780b00000,0x000000078785d848,0x000000078a080000)
  from space 13312K, 0% used [0x000000078a080000,0x000000078a080000,0x000000078ad80000)
  to   space 13312K, 0% used [0x000000078ad80000,0x000000078ad80000,0x000000078ba80000)
 ParOldGen       total 113664K, used 13406K [0x0000000702000000, 0x0000000708f00000, 0x0000000780b00000)
  object space 113664K, 11% used [0x0000000702000000,0x0000000702d17ad8,0x0000000708f00000)
 Metaspace       used 48607K, capacity 51232K, committed 51328K, reserved 1093632K
  class space    used 6360K, capacity 6777K, committed 6784K, reserved 1048576K
Event: 4036.967 GC heap after
Heap after GC invocations=19 (full 5):
 PSYoungGen      total 165376K, used 3213K [0x0000000780b00000, 0x000000078b980000, 0x00000007c0000000)
  eden space 153088K, 0% used [0x0000000780b00000,0x0000000780b00000,0x000000078a080000)
  from space 12288K, 26% used [0x000000078ad80000,0x000000078b0a3728,0x000000078b980000)
  to   space 12800K, 0% used [0x000000078a080000,0x000000078a080000,0x000000078ad00000)
 ParOldGen       total 113664K, used 13414K [0x0000000702000000, 0x0000000708f00000, 0x0000000780b00000)
  object space 113664K, 11% used [0x0000000702000000,0x0000000702d19ad8,0x0000000708f00000)
 Metaspace       used 48607K, capacity 51232K, committed 51328K, reserved 1093632K
  class space    used 6360K, capacity 6777K, committed 6784K, reserved 1048576K
}
Event: 4036.967 GC heap before
{Heap before GC invocations=20 (full 6):
 PSYoungGen      total 165376K, used 3213K [0x0000000780b00000, 0x000000078b980000, 0x00000007c0000000)
  eden space 153088K, 0% used [0x0000000780b00000,0x0000000780b00000,0x000000078a080000)
  from space 12288K, 26% used [0x000000078ad80000,0x000000078b0a3728,0x000000078b980000)
  to   space 12800K, 0% used [0x000000078a080000,0x000000078a080000,0x000000078ad00000)
 ParOldGen       total 113664K, used 13414K [0x0000000702000000, 0x0000000708f00000, 0x0000000780b00000)
  object space 113664K, 11% used [0x0000000702000000,0x0000000702d19ad8,0x0000000708f00000)
 Metaspace       used 48607K, capacity 51232K, committed 51328K, reserved 1093632K
  class space    used 6360K, capacity 6777K, committed 6784K, reserved 1048576K
Event: 4037.169 GC heap after
Heap after GC invocations=20 (full 6):
 PSYoungGen      total 165376K, used 0K [0x0000000780b00000, 0x000000078b980000, 0x00000007c0000000)
  eden space 153088K, 0% used [0x0000000780b00000,0x0000000780b00000,0x000000078a080000)
  from space 12288K, 0% used [0x000000078ad80000,0x000000078ad80000,0x000000078b980000)
  to   space 12800K, 0% used [0x000000078a080000,0x000000078a080000,0x000000078ad00000)
 ParOldGen       total 113664K, used 13534K [0x0000000702000000, 0x0000000708f00000, 0x0000000780b00000)
  object space 113664K, 11% used [0x0000000702000000,0x0000000702d37890,0x0000000708f00000)
 Metaspace       used 48566K, capacity 51138K, committed 51328K, reserved 1093632K
  class space    used 6353K, capacity 6767K, committed 6784K, reserved 1048576K
}
Event: 4114.948 GC heap before
{Heap before GC invocations=21 (full 6):
 PSYoungGen      total 165376K, used 114247K [0x0000000780b00000, 0x000000078b980000, 0x00000007c0000000)
  eden space 153088K, 74% used [0x0000000780b00000,0x0000000787a91f40,0x000000078a080000)
  from space 12288K, 0% used [0x000000078ad80000,0x000000078ad80000,0x000000078b980000)
  to   space 12800K, 0% used [0x000000078a080000,0x000000078a080000,0x000000078ad00000)
 ParOldGen       total 113664K, used 13534K [0x0000000702000000, 0x0000000708f00000, 0x0000000780b00000)
  object space 113664K, 11% used [0x0000000702000000,0x0000000702d37890,0x0000000708f00000)
 Metaspace       used 48823K, capacity 51428K, committed 51712K, reserved 1093632K
  class space    used 6374K, capacity 6827K, committed 6912K, reserved 1048576K
Event: 4114.960 GC heap after
Heap after GC invocations=21 (full 6):
 PSYoungGen      total 165888K, used 3597K [0x0000000780b00000, 0x000000078b980000, 0x00000007c0000000)
  eden space 153088K, 0% used [0x0000000780b00000,0x0000000780b00000,0x000000078a080000)
  from space 12800K, 28% used [0x000000078a080000,0x000000078a403728,0x000000078ad00000)
  to   space 12800K, 0% used [0x000000078ad00000,0x000000078ad00000,0x000000078b980000)
 ParOldGen       total 113664K, used 13542K [0x0000000702000000, 0x0000000708f00000, 0x0000000780b00000)
  object space 113664K, 11% used [0x0000000702000000,0x0000000702d39890,0x0000000708f00000)
 Metaspace       used 48823K, capacity 51428K, committed 51712K, reserved 1093632K
  class space    used 6374K, capacity 6827K, committed 6912K, reserved 1048576K
}
Event: 4114.960 GC heap before
{Heap before GC invocations=22 (full 7):
 PSYoungGen      total 165888K, used 3597K [0x0000000780b00000, 0x000000078b980000, 0x00000007c0000000)
  eden space 153088K, 0% used [0x0000000780b00000,0x0000000780b00000,0x000000078a080000)
  from space 12800K, 28% used [0x000000078a080000,0x000000078a403728,0x000000078ad00000)
  to   space 12800K, 0% used [0x000000078ad00000,0x000000078ad00000,0x000000078b980000)
 ParOldGen       total 113664K, used 13542K [0x0000000702000000, 0x0000000708f00000, 0x0000000780b00000)
  object space 113664K, 11% used [0x0000000702000000,0x0000000702d39890,0x0000000708f00000)
 Metaspace       used 48823K, capacity 51428K, committed 51712K, reserved 1093632K
  class space    used 6374K, capacity 6827K, committed 6912K, reserved 1048576K
Event: 4115.424 GC heap after
Heap after GC invocations=22 (full 7):
 PSYoungGen      total 165888K, used 0K [0x0000000780b00000, 0x000000078b980000, 0x00000007c0000000)
  eden space 153088K, 0% used [0x0000000780b00000,0x0000000780b00000,0x000000078a080000)
  from space 12800K, 0% used [0x000000078a080000,0x000000078a080000,0x000000078ad00000)
  to   space 12800K, 0% used [0x000000078ad00000,0x000000078ad00000,0x000000078b980000)
 ParOldGen       total 113664K, used 14023K [0x0000000702000000, 0x0000000708f00000, 0x0000000780b00000)
  object space 113664K, 12% used [0x0000000702000000,0x0000000702db1f60,0x0000000708f00000)
 Metaspace       used 48820K, capacity 51422K, committed 51712K, reserved 1093632K
  class space    used 6373K, capacity 6825K, committed 6912K, reserved 1048576K
}

Deoptimization events (10 events):
Event: 3948.702 Thread 0x000000001ed6a800 Uncommon trap: reason=unstable_if action=reinterpret pc=0x0000000003410ab8 method=java.util.concurrent.locks.AbstractQueuedSynchronizer$ConditionObject.awaitNanos(J)J @ 115
Event: 3950.023 Thread 0x000000001fadd000 Uncommon trap: reason=null_check action=make_not_entrant pc=0x00000000031ae0cc method=java.lang.Class.isAnnotation()Z @ 1
Event: 3952.639 Thread 0x000000001fadd000 Uncommon trap: reason=class_check action=maybe_recompile pc=0x0000000002d85ff0 method=java.lang.reflect.Method.equals(Ljava/lang/Object;)Z @ 5
Event: 4040.460 Thread 0x000000001ed67800 Uncommon trap: reason=null_check action=maybe_recompile pc=0x000000000367cba8 method=org.springframework.boot.context.properties.source.DefaultPropertyMapper.map(Lorg/springframework/boot/context/properties/source/ConfigurationPropertyName;)[Lorg/springfr
Event: 4040.462 Thread 0x000000001ed67800 Uncommon trap: reason=null_check action=maybe_recompile pc=0x000000000367cba8 method=org.springframework.boot.context.properties.source.DefaultPropertyMapper.map(Lorg/springframework/boot/context/properties/source/ConfigurationPropertyName;)[Lorg/springfr
Event: 4040.463 Thread 0x000000001ed67800 Uncommon trap: reason=null_check action=maybe_recompile pc=0x000000000367cba8 method=org.springframework.boot.context.properties.source.DefaultPropertyMapper.map(Lorg/springframework/boot/context/properties/source/ConfigurationPropertyName;)[Lorg/springfr
Event: 4093.365 Thread 0x000000001fada000 Uncommon trap: reason=unstable_if action=reinterpret pc=0x0000000002c43b08 method=java.lang.ref.SoftReference.get()Ljava/lang/Object; @ 6
Event: 4093.392 Thread 0x000000001fada000 Uncommon trap: reason=unstable_if action=reinterpret pc=0x0000000002f5f1e8 method=java.nio.Buffer.<init>(IIII)V @ 66
Event: 4249.540 Thread 0x000000001fae1800 Uncommon trap: reason=unstable_if action=reinterpret pc=0x0000000002e20e98 method=java.io.File.listFiles()[Ljava/io/File; @ 6
Event: 4539.736 Thread 0x000000001fade800 Uncommon trap: reason=unstable_if action=reinterpret pc=0x000000000377602c method=java.util.concurrent.ScheduledThreadPoolExecutor$ScheduledFutureTask.compareTo(Ljava/util/concurrent/Delayed;)I @ 40

Classes redefined (0 events):
No events

Internal exceptions (10 events):
Event: 4040.474 Thread 0x000000001ed67800 Exception <a 'java/lang/NullPointerException'> (0x0000000785dd64e0) thrown at [C:\re\workspace\8-2-build-windows-amd64-cygwin\jdk8u231\13620\hotspot\src\share\vm\runtime\sharedRuntime.cpp, line 605]
Event: 4040.677 Thread 0x000000001ed67800 Exception <a 'java/io/FileNotFoundException'> (0x0000000785f7ab80) thrown at [C:\re\workspace\8-2-build-windows-amd64-cygwin\jdk8u231\13620\hotspot\src\share\vm\prims\jni.cpp, line 710]
Event: 4093.365 Thread 0x000000001fada000 Implicit null exception at 0x0000000002c3d67f to 0x0000000002c43ad1
Event: 4093.381 Thread 0x000000001fada000 Exception <a 'java/lang/NoSuchMethodError': java.lang.Object.lambda$andThen$1(Ljava/util/function/Function;Ljava/lang/Object;)Ljava/lang/Object;> (0x0000000786ffe9f8) thrown at [C:\re\workspace\8-2-build-windows-amd64-cygwin\jdk8u231\13620\hotspot\src\sha
Event: 4114.946 Thread 0x000000001ed66000 Exception <a 'java/lang/InterruptedException': sleep interrupted> (0x0000000787a249e8) thrown at [C:\re\workspace\8-2-build-windows-amd64-cygwin\jdk8u231\13620\hotspot\src\share\vm\prims\jvm.cpp, line 3336]
Event: 4115.469 Thread 0x000000001fadd000 Exception <a 'java/io/FileNotFoundException'> (0x0000000780d55ec8) thrown at [C:\re\workspace\8-2-build-windows-amd64-cygwin\jdk8u231\13620\hotspot\src\share\vm\prims\jni.cpp, line 710]
Event: 4115.569 Thread 0x000000001fadd000 Exception <a 'java/lang/NoClassDefFoundError': javax/validation/ValidationException> (0x0000000780ff33f8) thrown at [C:\re\workspace\8-2-build-windows-amd64-cygwin\jdk8u231\13620\hotspot\src\share\vm\classfile\systemDictionary.cpp, line 199]
Event: 4117.539 Thread 0x000000001fadd000 Exception <a 'java/io/FileNotFoundException'> (0x0000000785cb9e40) thrown at [C:\re\workspace\8-2-build-windows-amd64-cygwin\jdk8u231\13620\hotspot\src\share\vm\prims\jni.cpp, line 710]
Event: 4117.717 Thread 0x000000001fadd000 Exception <a 'java/io/FileNotFoundException'> (0x0000000785f8e0e0) thrown at [C:\re\workspace\8-2-build-windows-amd64-cygwin\jdk8u231\13620\hotspot\src\share\vm\prims\jni.cpp, line 710]
Event: 4249.540 Thread 0x000000001fae1800 Implicit null exception at 0x0000000002e1f44b to 0x0000000002e20e6d

Events (10 events):
Event: 4988.391 loading class org/zeroturnaround/javarebel$ReloaderFactory
Event: 4988.391 loading class org/zeroturnaround/javarebel$ReloaderFactory done
Event: 4988.392 loading class org/hotswap/agent/HotswapAgent
Event: 4988.392 loading class org/hotswap/agent/HotswapAgent done
Event: 4988.392 loading class org/hotswap/agent$HotswapAgent
Event: 4988.392 loading class org/hotswap/agent$HotswapAgent done
Event: 4988.394 Thread 0x000000001ed6c000 Thread added: 0x000000001ed6c000
Event: 4988.394 Executing VM operation: RevokeBias
Event: 4988.395 Executing VM operation: RevokeBias done
Event: 4988.395 Thread 0x000000001fae1800 Thread exited: 0x000000001fae1800


Dynamic libraries:
0x00007ff73fda0000 - 0x00007ff73fdd7000 	C:\Program Files\Java\jre1.8.0_231\bin\javaw.exe
0x00007ffa44220000 - 0x00007ffa44410000 	C:\WINDOWS\SYSTEM32\ntdll.dll
0x00007ffa15e00000 - 0x00007ffa15e15000 	C:\Program Files\AVG\Antivirus\aswhook.dll
0x00007ffa42610000 - 0x00007ffa426c2000 	C:\WINDOWS\System32\KERNEL32.DLL
0x00007ffa414c0000 - 0x00007ffa41763000 	C:\WINDOWS\System32\KERNELBASE.dll
0x00007ffa43f00000 - 0x00007ffa43fa3000 	C:\WINDOWS\System32\ADVAPI32.dll
0x00007ffa43ce0000 - 0x00007ffa43d7e000 	C:\WINDOWS\System32\msvcrt.dll
0x00007ffa43aa0000 - 0x00007ffa43b37000 	C:\WINDOWS\System32\sechost.dll
0x00007ffa426d0000 - 0x00007ffa427f0000 	C:\WINDOWS\System32\RPCRT4.dll
0x00007ffa42470000 - 0x00007ffa42604000 	C:\WINDOWS\System32\USER32.dll
0x00007ffa41ac0000 - 0x00007ffa41ae1000 	C:\WINDOWS\System32\win32u.dll
0x00007ffa43bd0000 - 0x00007ffa43bf6000 	C:\WINDOWS\System32\GDI32.dll
0x00007ffa41920000 - 0x00007ffa41ab4000 	C:\WINDOWS\System32\gdi32full.dll
0x00007ffa41af0000 - 0x00007ffa41b8e000 	C:\WINDOWS\System32\msvcp_win.dll
0x00007ffa413c0000 - 0x00007ffa414ba000 	C:\WINDOWS\System32\ucrtbase.dll
0x00007ffa26c00000 - 0x00007ffa26e85000 	C:\WINDOWS\WinSxS\amd64_microsoft.windows.common-controls_6595b64144ccf1df_6.0.18362.720_none_e6beb5c51314836b\COMCTL32.dll
0x00007ffa42d40000 - 0x00007ffa43076000 	C:\WINDOWS\System32\combase.dll
0x00007ffa41210000 - 0x00007ffa41290000 	C:\WINDOWS\System32\bcryptPrimitives.dll
0x00007ffa43ba0000 - 0x00007ffa43bce000 	C:\WINDOWS\System32\IMM32.DLL
0x0000000069530000 - 0x0000000069602000 	C:\Program Files\Java\jre1.8.0_231\bin\msvcr100.dll
0x00000000696f0000 - 0x0000000069f96000 	C:\Program Files\Java\jre1.8.0_231\bin\server\jvm.dll
0x00007ffa42d30000 - 0x00007ffa42d38000 	C:\WINDOWS\System32\PSAPI.DLL
0x00007ffa333d0000 - 0x00007ffa333d9000 	C:\WINDOWS\SYSTEM32\WSOCK32.dll
0x00007ffa43a20000 - 0x00007ffa43a8f000 	C:\WINDOWS\System32\WS2_32.dll
0x00007ffa3de00000 - 0x00007ffa3de24000 	C:\WINDOWS\SYSTEM32\WINMM.dll
0x00007ffa391e0000 - 0x00007ffa391ea000 	C:\WINDOWS\SYSTEM32\VERSION.dll
0x00007ffa3ddd0000 - 0x00007ffa3ddfd000 	C:\WINDOWS\SYSTEM32\WINMMBASE.dll
0x00007ffa41370000 - 0x00007ffa413ba000 	C:\WINDOWS\System32\cfgmgr32.dll
0x00007ffa3b590000 - 0x00007ffa3b59f000 	C:\Program Files\Java\jre1.8.0_231\bin\verify.dll
0x00007ffa30210000 - 0x00007ffa30239000 	C:\Program Files\Java\jre1.8.0_231\bin\java.dll
0x00007ffa30100000 - 0x00007ffa30116000 	C:\Program Files\Java\jre1.8.0_231\bin\zip.dll
0x00007ffa432d0000 - 0x00007ffa439b5000 	C:\WINDOWS\System32\SHELL32.dll
0x00007ffa42c60000 - 0x00007ffa42d09000 	C:\WINDOWS\System32\shcore.dll
0x00007ffa41b90000 - 0x00007ffa42310000 	C:\WINDOWS\System32\windows.storage.dll
0x00007ffa411e0000 - 0x00007ffa41203000 	C:\WINDOWS\System32\profapi.dll
0x00007ffa41190000 - 0x00007ffa411da000 	C:\WINDOWS\System32\powrprof.dll
0x00007ffa41140000 - 0x00007ffa41150000 	C:\WINDOWS\System32\UMPDC.dll
0x00007ffa439c0000 - 0x00007ffa43a12000 	C:\WINDOWS\System32\shlwapi.dll
0x00007ffa41170000 - 0x00007ffa41181000 	C:\WINDOWS\System32\kernel.appcore.dll
0x00007ffa42310000 - 0x00007ffa42327000 	C:\WINDOWS\System32\cryptsp.dll
0x00007ffa3daf0000 - 0x00007ffa3dafd000 	C:\Program Files\Java\jre1.8.0_231\bin\management.dll
0x00007ffa30010000 - 0x00007ffa3002a000 	C:\Program Files\Java\jre1.8.0_231\bin\net.dll
0x00007ffa40950000 - 0x00007ffa409b7000 	C:\WINDOWS\system32\mswsock.dll
0x00007ffa05bf0000 - 0x00007ffa05c06000 	C:\WINDOWS\system32\napinsp.dll
0x00007ffa05bd0000 - 0x00007ffa05bea000 	C:\WINDOWS\system32\pnrpnsp.dll
0x00007ffa406a0000 - 0x00007ffa4076a000 	C:\WINDOWS\SYSTEM32\DNSAPI.dll
0x00007ffa43a90000 - 0x00007ffa43a98000 	C:\WINDOWS\System32\NSI.dll
0x00007ffa40660000 - 0x00007ffa4069a000 	C:\WINDOWS\SYSTEM32\IPHLPAPI.DLL
0x00007ffa058a0000 - 0x00007ffa058ae000 	C:\WINDOWS\System32\winrnr.dll
0x00007ffa3d9a0000 - 0x00007ffa3d9bc000 	C:\WINDOWS\system32\NLAapi.dll
0x00007ffa3cb60000 - 0x00007ffa3cb75000 	C:\WINDOWS\system32\wshbth.dll
0x00007ffa34fa0000 - 0x00007ffa34faa000 	C:\Windows\System32\rasadhlp.dll
0x00007ffa38d50000 - 0x00007ffa38dc7000 	C:\WINDOWS\System32\fwpuclnt.dll
0x00007ffa41340000 - 0x00007ffa41366000 	C:\WINDOWS\System32\bcrypt.dll
0x00007ffa2fff0000 - 0x00007ffa30002000 	C:\Program Files\Java\jre1.8.0_231\bin\nio.dll
0x00007ffa404c0000 - 0x00007ffa404f3000 	C:\WINDOWS\system32\rsaenh.dll
0x00007ffa41060000 - 0x00007ffa41085000 	C:\WINDOWS\SYSTEM32\USERENV.dll
0x00007ffa40b20000 - 0x00007ffa40b2c000 	C:\WINDOWS\SYSTEM32\CRYPTBASE.dll
0x00007ffa3a2d0000 - 0x00007ffa3a2e6000 	C:\WINDOWS\SYSTEM32\dhcpcsvc6.DLL
0x00007ffa3a3a0000 - 0x00007ffa3a3bc000 	C:\WINDOWS\SYSTEM32\dhcpcsvc.DLL

VM Arguments:
jvm_args: -Dfile.encoding=UTF-8 
java_command: com.example.restfull.resfull_API.ResfullApiApplication
java_class_path (initial): E:\Microservices_Workspace\resfull_API\target\classes;C:\Users\USER\.m2\repository\org\springframework\boot\spring-boot-starter-data-jpa\2.3.0.BUILD-SNAPSHOT\spring-boot-starter-data-jpa-2.3.0.BUILD-SNAPSHOT.jar;C:\Users\USER\.m2\repository\org\springframework\boot\spring-boot-starter-aop\2.3.0.BUILD-SNAPSHOT\spring-boot-starter-aop-2.3.0.BUILD-SNAPSHOT.jar;C:\Users\USER\.m2\repository\org\springframework\spring-aop\5.2.4.RELEASE\spring-aop-5.2.4.RELEASE.jar;C:\Users\USER\.m2\repository\org\aspectj\aspectjweaver\1.9.5\aspectjweaver-1.9.5.jar;C:\Users\USER\.m2\repository\org\springframework\boot\spring-boot-starter-jdbc\2.3.0.BUILD-SNAPSHOT\spring-boot-starter-jdbc-2.3.0.BUILD-SNAPSHOT.jar;C:\Users\USER\.m2\repository\com\zaxxer\HikariCP\3.4.2\HikariCP-3.4.2.jar;C:\Users\USER\.m2\repository\org\springframework\spring-jdbc\5.2.4.RELEASE\spring-jdbc-5.2.4.RELEASE.jar;C:\Users\USER\.m2\repository\jakarta\transaction\jakarta.transaction-api\1.3.3\jakarta.transaction-api-1.3.3.jar;C:\Users\USER\.m2\repository\jakarta\persistence\jakarta.persistence-api\2.2.3\jakarta.persistence-api-2.2.3.jar;C:\Users\USER\.m2\repository\org\hibernate\hibernate-core\5.4.12.Final\hibernate-core-5.4.12.Final.jar;C:\Users\USER\.m2\repository\org\jboss\logging\jboss-logging\3.4.1.Final\jboss-logging-3.4.1.Final.jar;C:\Users\USER\.m2\repository\org\javassist\javassist\3.24.0-GA\javassist-3.24.0-GA.jar;C:\Users\USER\.m2\repository\net\bytebuddy\byte-buddy\1.10.8\byte-buddy-1.10.8.jar;C:\Users\USER\.m2\repository\antlr\antlr\2.7.7\antlr-2.7.7.jar;C:\Users\USER\.m2\repository\org\jboss\jandex\2.1.1.Final\jandex-2.1.1.Final.jar;C:\Users\USER\.m2\repository\com\fasterxml\classmate\1.5.1\classmate-1.5.1.jar;C:\Users\USER\.m2\repository\org\dom4j\dom4j\2.1.1\dom4j-2.1.1.jar;C:\Users\USER\.m2\repository\org\hibernate\common\hibernate-commons-annotations\5.1.0.Final\hibernate-commons-annotations-5.1.0.Final.jar;C:\Users\USER\.m2\repository\org\glassfish\jaxb\jaxb-runtime\2.3
Launcher Type: SUN_STANDARD

Environment Variables:
JAVA_HOME=C:\Program Files\Java\jdk1.8.0_231
PATH=C:/Program Files/Java/jre1.8.0_231/bin/server;C:/Program Files/Java/jre1.8.0_231/bin;C:/Program Files/Java/jre1.8.0_231/lib/amd64;C:\Program Files (x86)\Common Files\Oracle\Java\javapath;C:\WINDOWS\system32;C:\WINDOWS;C:\WINDOWS\System32\Wbem;C:\WINDOWS\System32\WindowsPowerShell\v1.0\;C:\Program Files (x86)\ATI Technologies\ATI.ACE\Core-Static;C:\Program Files\Java\jdk1.8.0_231\bin;C:\Program Files\nodejs\;C:\WINDOWS\System32\OpenSSH\;E:\apache-tomcat-8.5.49\bin;E:\mvn\apache-maven-3.6.3\bin;C:\Users\USER\AppData\Local\Microsoft\WindowsApps;C:\Users\USER\AppData\Roaming\npm;C:\Users\USER\AppData\Local\Programs\Microsoft VS Code\bin;E:\gradle-6.2.2\bin;;E:\Udemey\eclipse;
USERNAME=USER
OS=Windows_NT
PROCESSOR_IDENTIFIER=Intel64 Family 6 Model 58 Stepping 9, GenuineIntel



---------------  S Y S T E M  ---------------

OS: Windows 10.0 , 64 bit Build 18362 (10.0.18362.329)

CPU:total 4 (initial active 4) (2 cores per cpu, 2 threads per core) family 6 model 58 stepping 9, cmov, cx8, fxsr, mmx, sse, sse2, sse3, ssse3, sse4.1, sse4.2, popcnt, avx, aes, clmul, erms, ht, tsc, tscinvbit, tscinv

Memory: 4k page, physical 12449048k(1064768k free), swap 42941620k(0k free)

vm_info: Java HotSpot(TM) 64-Bit Server VM (25.231-b11) for windows-amd64 JRE (1.8.0_231-b11), built on Oct  5 2019 03:11:30 by "java_re" with MS VC++ 10.0 (VS2010)

time: Wed Apr 01 13:18:34 2020
timezone: Malay Peninsula Standard Time
elapsed time: 4988 seconds (0d 1h 23m 8s)

